[2019-06-13 07:57:58 -0500] [13223] [INFO] Starting gunicorn 19.9.0
[2019-06-13 07:57:58 -0500] [13223] [INFO] Listening at: http://127.0.0.1:4435 (13223)
[2019-06-13 07:57:58 -0500] [13223] [INFO] Using worker: sync
[2019-06-13 07:57:58 -0500] [13226] [INFO] Booting worker with pid: 13226
[2019-06-13 08:14:21 -0500] [13223] [INFO] Handling signal: term
[2019-06-13 08:14:21 -0500] [13226] [INFO] Worker exiting (pid: 13226)
[2019-06-13 08:14:21 -0500] [13223] [INFO] Shutting down: Master
[2019-06-13 08:14:23 -0500] [13316] [INFO] Starting gunicorn 19.9.0
[2019-06-13 08:14:23 -0500] [13316] [INFO] Listening at: http://127.0.0.1:4435 (13316)
[2019-06-13 08:14:23 -0500] [13316] [INFO] Using worker: sync
[2019-06-13 08:14:23 -0500] [13363] [INFO] Booting worker with pid: 13363
[2019-06-13 08:53:11 -0500] [13316] [INFO] Handling signal: term
[2019-06-13 08:53:11 -0500] [13363] [INFO] Worker exiting (pid: 13363)
[2019-06-13 08:53:11 -0500] [13316] [INFO] Shutting down: Master
[2019-06-13 08:53:16 -0500] [14084] [INFO] Starting gunicorn 19.9.0
[2019-06-13 08:53:16 -0500] [14084] [INFO] Listening at: http://127.0.0.1:4435 (14084)
[2019-06-13 08:53:16 -0500] [14084] [INFO] Using worker: sync
[2019-06-13 08:53:16 -0500] [14123] [INFO] Booting worker with pid: 14123
[2019-06-15 09:50:34 -0500] [14084] [INFO] Handling signal: term
[2019-06-15 09:50:34 -0500] [14123] [INFO] Worker exiting (pid: 14123)
[2019-06-15 09:50:35 -0500] [14084] [INFO] Shutting down: Master
[2019-06-15 09:50:37 -0500] [17634] [INFO] Starting gunicorn 19.9.0
[2019-06-15 09:50:37 -0500] [17634] [INFO] Listening at: http://127.0.0.1:4435 (17634)
[2019-06-15 09:50:37 -0500] [17634] [INFO] Using worker: sync
[2019-06-15 09:50:37 -0500] [17699] [INFO] Booting worker with pid: 17699
[2019-06-15 09:51:29 -0500] [17634] [INFO] Handling signal: term
[2019-06-15 09:51:29 -0500] [17699] [INFO] Worker exiting (pid: 17699)
[2019-06-15 09:51:29 -0500] [17634] [INFO] Shutting down: Master
[2019-06-15 09:51:32 -0500] [17801] [INFO] Starting gunicorn 19.9.0
[2019-06-15 09:51:32 -0500] [17801] [INFO] Listening at: http://127.0.0.1:4435 (17801)
[2019-06-15 09:51:32 -0500] [17801] [INFO] Using worker: sync
[2019-06-15 09:51:32 -0500] [17851] [INFO] Booting worker with pid: 17851
[2019-06-15 09:52:17 -0500] [17801] [INFO] Handling signal: term
[2019-06-15 09:52:17 -0500] [17851] [INFO] Worker exiting (pid: 17851)
[2019-06-15 09:52:18 -0500] [17801] [INFO] Shutting down: Master
[2019-06-15 09:52:20 -0500] [17968] [INFO] Starting gunicorn 19.9.0
[2019-06-15 09:52:20 -0500] [17968] [INFO] Listening at: http://127.0.0.1:4435 (17968)
[2019-06-15 09:52:20 -0500] [17968] [INFO] Using worker: sync
[2019-06-15 09:52:20 -0500] [18014] [INFO] Booting worker with pid: 18014
[2019-06-15 16:49:42 -0500] [17968] [INFO] Handling signal: term
[2019-06-15 16:49:42 -0500] [18014] [INFO] Worker exiting (pid: 18014)
[2019-06-15 16:49:43 -0500] [17968] [INFO] Shutting down: Master
[2019-06-15 16:49:45 -0500] [18568] [INFO] Starting gunicorn 19.9.0
[2019-06-15 16:49:45 -0500] [18568] [INFO] Listening at: http://127.0.0.1:4435 (18568)
[2019-06-15 16:49:45 -0500] [18568] [INFO] Using worker: sync
[2019-06-15 16:49:45 -0500] [18634] [INFO] Booting worker with pid: 18634
[2019-06-15 16:50:45 -0500] [18568] [INFO] Handling signal: term
[2019-06-15 16:50:45 -0500] [18634] [INFO] Worker exiting (pid: 18634)
[2019-06-15 16:50:46 -0500] [18568] [INFO] Shutting down: Master
[2019-06-15 16:50:49 -0500] [18750] [INFO] Starting gunicorn 19.9.0
[2019-06-15 16:50:49 -0500] [18750] [INFO] Listening at: http://127.0.0.1:4435 (18750)
[2019-06-15 16:50:49 -0500] [18750] [INFO] Using worker: sync
[2019-06-15 16:50:49 -0500] [18821] [INFO] Booting worker with pid: 18821
[2019-06-15 16:52:34 -0500] [18750] [INFO] Handling signal: term
[2019-06-15 16:52:34 -0500] [18821] [INFO] Worker exiting (pid: 18821)
[2019-06-15 16:52:34 -0500] [18750] [INFO] Shutting down: Master
[2019-06-15 16:52:37 -0500] [18907] [INFO] Starting gunicorn 19.9.0
[2019-06-15 16:52:37 -0500] [18907] [INFO] Listening at: http://127.0.0.1:4435 (18907)
[2019-06-15 16:52:37 -0500] [18907] [INFO] Using worker: sync
[2019-06-15 16:52:37 -0500] [18974] [INFO] Booting worker with pid: 18974
[2019-06-15 16:54:54 -0500] [18907] [INFO] Handling signal: term
[2019-06-15 16:54:54 -0500] [18974] [INFO] Worker exiting (pid: 18974)
[2019-06-15 16:54:54 -0500] [18907] [INFO] Shutting down: Master
[2019-06-15 16:55:01 -0500] [19066] [INFO] Starting gunicorn 19.9.0
[2019-06-15 16:55:01 -0500] [19066] [INFO] Listening at: http://127.0.0.1:4435 (19066)
[2019-06-15 16:55:01 -0500] [19066] [INFO] Using worker: sync
[2019-06-15 16:55:01 -0500] [19141] [INFO] Booting worker with pid: 19141
[2019-06-15 16:55:42 -0500] [19066] [INFO] Handling signal: term
[2019-06-15 16:55:42 -0500] [19141] [INFO] Worker exiting (pid: 19141)
[2019-06-15 16:55:43 -0500] [19066] [INFO] Shutting down: Master
[2019-06-15 16:55:45 -0500] [19244] [INFO] Starting gunicorn 19.9.0
[2019-06-15 16:55:45 -0500] [19244] [INFO] Listening at: http://127.0.0.1:4435 (19244)
[2019-06-15 16:55:45 -0500] [19244] [INFO] Using worker: sync
[2019-06-15 16:55:45 -0500] [19314] [INFO] Booting worker with pid: 19314
[2019-06-15 17:00:19 -0500] [19244] [INFO] Handling signal: term
[2019-06-15 17:00:19 -0500] [19314] [INFO] Worker exiting (pid: 19314)
[2019-06-15 17:00:20 -0500] [19244] [INFO] Shutting down: Master
[2019-06-15 17:00:22 -0500] [19406] [INFO] Starting gunicorn 19.9.0
[2019-06-15 17:00:22 -0500] [19406] [INFO] Listening at: http://127.0.0.1:4435 (19406)
[2019-06-15 17:00:22 -0500] [19406] [INFO] Using worker: sync
[2019-06-15 17:00:23 -0500] [19445] [INFO] Booting worker with pid: 19445
[2019-06-16 09:01:33 -0500] [19406] [INFO] Handling signal: term
[2019-06-16 09:01:33 -0500] [19445] [INFO] Worker exiting (pid: 19445)
[2019-06-16 09:01:33 -0500] [19406] [INFO] Shutting down: Master
[2019-06-16 09:01:36 -0500] [20874] [INFO] Starting gunicorn 19.9.0
[2019-06-16 09:01:36 -0500] [20874] [INFO] Listening at: http://127.0.0.1:4435 (20874)
[2019-06-16 09:01:36 -0500] [20874] [INFO] Using worker: sync
[2019-06-16 09:01:36 -0500] [20937] [INFO] Booting worker with pid: 20937
[2019-06-16 09:07:43 -0500] [20874] [INFO] Handling signal: term
[2019-06-16 09:07:43 -0500] [20937] [INFO] Worker exiting (pid: 20937)
[2019-06-16 09:07:44 -0500] [20874] [INFO] Shutting down: Master
[2019-06-16 09:07:46 -0500] [21009] [INFO] Starting gunicorn 19.9.0
[2019-06-16 09:07:46 -0500] [21009] [INFO] Listening at: http://127.0.0.1:4435 (21009)
[2019-06-16 09:07:46 -0500] [21009] [INFO] Using worker: sync
[2019-06-16 09:07:46 -0500] [21075] [INFO] Booting worker with pid: 21075
[2019-06-16 09:09:06 -0500] [21009] [INFO] Handling signal: term
[2019-06-16 09:09:06 -0500] [21075] [INFO] Worker exiting (pid: 21075)
[2019-06-16 09:09:07 -0500] [21009] [INFO] Shutting down: Master
[2019-06-16 09:09:10 -0500] [21151] [INFO] Starting gunicorn 19.9.0
[2019-06-16 09:09:10 -0500] [21151] [INFO] Listening at: http://127.0.0.1:4435 (21151)
[2019-06-16 09:09:10 -0500] [21151] [INFO] Using worker: sync
[2019-06-16 09:09:10 -0500] [21210] [INFO] Booting worker with pid: 21210
[2019-06-16 11:37:31 -0500] [21151] [INFO] Handling signal: term
[2019-06-16 11:37:31 -0500] [21210] [INFO] Worker exiting (pid: 21210)
[2019-06-16 11:37:31 -0500] [21151] [INFO] Shutting down: Master
[2019-06-16 11:37:34 -0500] [21855] [INFO] Starting gunicorn 19.9.0
[2019-06-16 11:37:34 -0500] [21855] [INFO] Listening at: http://127.0.0.1:4435 (21855)
[2019-06-16 11:37:34 -0500] [21855] [INFO] Using worker: sync
[2019-06-16 11:37:34 -0500] [21915] [INFO] Booting worker with pid: 21915
[2019-06-16 14:11:57 -0500] [21855] [INFO] Handling signal: term
[2019-06-16 14:11:57 -0500] [21915] [INFO] Worker exiting (pid: 21915)
[2019-06-16 14:11:58 -0500] [21855] [INFO] Shutting down: Master
[2019-06-16 14:12:01 -0500] [22242] [INFO] Starting gunicorn 19.9.0
[2019-06-16 14:12:01 -0500] [22242] [INFO] Listening at: http://127.0.0.1:4435 (22242)
[2019-06-16 14:12:01 -0500] [22242] [INFO] Using worker: sync
[2019-06-16 14:12:01 -0500] [22319] [INFO] Booting worker with pid: 22319
[2019-06-16 16:26:32 -0500] [22242] [INFO] Handling signal: term
[2019-06-16 16:26:32 -0500] [22319] [INFO] Worker exiting (pid: 22319)
[2019-06-16 16:26:33 -0500] [22242] [INFO] Shutting down: Master
[2019-06-16 16:26:35 -0500] [22779] [INFO] Starting gunicorn 19.9.0
[2019-06-16 16:26:35 -0500] [22779] [INFO] Listening at: http://127.0.0.1:4435 (22779)
[2019-06-16 16:26:35 -0500] [22779] [INFO] Using worker: sync
[2019-06-16 16:26:35 -0500] [22841] [INFO] Booting worker with pid: 22841
[2019-06-16 16:28:34 -0500] [22779] [INFO] Handling signal: term
[2019-06-16 16:28:34 -0500] [22841] [INFO] Worker exiting (pid: 22841)
[2019-06-16 16:28:35 -0500] [22779] [INFO] Shutting down: Master
[2019-06-16 16:28:38 -0500] [22955] [INFO] Starting gunicorn 19.9.0
[2019-06-16 16:28:38 -0500] [22955] [INFO] Listening at: http://127.0.0.1:4435 (22955)
[2019-06-16 16:28:38 -0500] [22955] [INFO] Using worker: sync
[2019-06-16 16:28:38 -0500] [23005] [INFO] Booting worker with pid: 23005
[2019-06-16 16:39:30 -0500] [22955] [INFO] Handling signal: term
[2019-06-16 16:39:30 -0500] [23005] [INFO] Worker exiting (pid: 23005)
[2019-06-16 16:39:30 -0500] [22955] [INFO] Shutting down: Master
[2019-06-16 16:39:33 -0500] [23172] [INFO] Starting gunicorn 19.9.0
[2019-06-16 16:39:33 -0500] [23172] [INFO] Listening at: http://127.0.0.1:4435 (23172)
[2019-06-16 16:39:33 -0500] [23172] [INFO] Using worker: sync
[2019-06-16 16:39:33 -0500] [23247] [INFO] Booting worker with pid: 23247
[2019-06-17 10:33:01 -0500] [23172] [INFO] Handling signal: term
[2019-06-17 10:33:01 -0500] [23247] [INFO] Worker exiting (pid: 23247)
[2019-06-17 10:33:01 -0500] [23172] [INFO] Shutting down: Master
[2019-06-17 10:33:04 -0500] [26169] [INFO] Starting gunicorn 19.9.0
[2019-06-17 10:33:04 -0500] [26169] [INFO] Listening at: http://127.0.0.1:4435 (26169)
[2019-06-17 10:33:04 -0500] [26169] [INFO] Using worker: sync
[2019-06-17 10:33:04 -0500] [26217] [INFO] Booting worker with pid: 26217
[2019-06-17 10:37:49 -0500] [26169] [INFO] Handling signal: term
[2019-06-17 10:37:49 -0500] [26217] [INFO] Worker exiting (pid: 26217)
[2019-06-17 10:37:50 -0500] [26169] [INFO] Shutting down: Master
[2019-06-17 10:37:53 -0500] [26799] [INFO] Starting gunicorn 19.9.0
[2019-06-17 10:37:53 -0500] [26799] [INFO] Listening at: http://127.0.0.1:4435 (26799)
[2019-06-17 10:37:53 -0500] [26799] [INFO] Using worker: sync
[2019-06-17 10:37:53 -0500] [26879] [INFO] Booting worker with pid: 26879
[2019-06-17 11:59:23 -0500] [26799] [INFO] Handling signal: term
[2019-06-17 11:59:23 -0500] [26879] [INFO] Worker exiting (pid: 26879)
[2019-06-17 11:59:24 -0500] [26799] [INFO] Shutting down: Master
[2019-06-17 11:59:27 -0500] [26968] [INFO] Starting gunicorn 19.9.0
[2019-06-17 11:59:27 -0500] [26968] [INFO] Listening at: http://127.0.0.1:4435 (26968)
[2019-06-17 11:59:27 -0500] [26968] [INFO] Using worker: sync
[2019-06-17 11:59:27 -0500] [27049] [INFO] Booting worker with pid: 27049
[2019-06-17 12:09:10 -0500] [26968] [INFO] Handling signal: term
[2019-06-17 12:09:10 -0500] [27049] [INFO] Worker exiting (pid: 27049)
[2019-06-17 12:09:11 -0500] [26968] [INFO] Shutting down: Master
[2019-06-17 12:09:14 -0500] [27120] [INFO] Starting gunicorn 19.9.0
[2019-06-17 12:09:14 -0500] [27120] [INFO] Listening at: http://127.0.0.1:4435 (27120)
[2019-06-17 12:09:14 -0500] [27120] [INFO] Using worker: sync
[2019-06-17 12:09:14 -0500] [27194] [INFO] Booting worker with pid: 27194
[2019-06-17 17:10:44 -0500] [27120] [INFO] Handling signal: term
[2019-06-17 17:10:44 -0500] [27194] [INFO] Worker exiting (pid: 27194)
[2019-06-17 17:10:45 -0500] [27120] [INFO] Shutting down: Master
[2019-06-17 17:10:48 -0500] [27358] [INFO] Starting gunicorn 19.9.0
[2019-06-17 17:10:48 -0500] [27358] [INFO] Listening at: http://127.0.0.1:4435 (27358)
[2019-06-17 17:10:48 -0500] [27358] [INFO] Using worker: sync
[2019-06-17 17:10:48 -0500] [27432] [INFO] Booting worker with pid: 27432
[2019-06-18 07:25:28 -0500] [27358] [INFO] Handling signal: term
[2019-06-18 07:25:28 -0500] [27432] [INFO] Worker exiting (pid: 27432)
[2019-06-18 07:25:29 -0500] [27358] [INFO] Shutting down: Master
[2019-06-18 07:25:32 -0500] [28283] [INFO] Starting gunicorn 19.9.0
[2019-06-18 07:25:32 -0500] [28283] [INFO] Listening at: http://127.0.0.1:4435 (28283)
[2019-06-18 07:25:32 -0500] [28283] [INFO] Using worker: sync
[2019-06-18 07:25:34 -0500] [28364] [INFO] Booting worker with pid: 28364
[2019-06-18 07:32:17 -0500] [28283] [INFO] Handling signal: term
[2019-06-18 07:32:18 -0500] [28364] [INFO] Worker exiting (pid: 28364)
[2019-06-18 07:32:18 -0500] [28283] [INFO] Shutting down: Master
[2019-06-18 07:32:21 -0500] [28471] [INFO] Starting gunicorn 19.9.0
[2019-06-18 07:32:21 -0500] [28471] [INFO] Listening at: http://127.0.0.1:4435 (28471)
[2019-06-18 07:32:21 -0500] [28471] [INFO] Using worker: sync
[2019-06-18 07:32:21 -0500] [28550] [INFO] Booting worker with pid: 28550
[2019-06-18 07:39:55 -0500] [28471] [INFO] Handling signal: term
[2019-06-18 07:39:55 -0500] [28550] [INFO] Worker exiting (pid: 28550)
[2019-06-18 07:39:56 -0500] [28471] [INFO] Shutting down: Master
[2019-06-18 07:39:58 -0500] [28862] [INFO] Starting gunicorn 19.9.0
[2019-06-18 07:39:58 -0500] [28862] [INFO] Listening at: http://127.0.0.1:4435 (28862)
[2019-06-18 07:39:58 -0500] [28862] [INFO] Using worker: sync
[2019-06-18 07:39:58 -0500] [28942] [INFO] Booting worker with pid: 28942
[2019-06-18 08:04:01 -0500] [28862] [INFO] Handling signal: term
[2019-06-18 08:04:01 -0500] [28942] [INFO] Worker exiting (pid: 28942)
[2019-06-18 08:04:01 -0500] [28862] [INFO] Shutting down: Master
[2019-06-18 08:04:03 -0500] [29017] [INFO] Starting gunicorn 19.9.0
[2019-06-18 08:04:03 -0500] [29017] [INFO] Listening at: http://127.0.0.1:4435 (29017)
[2019-06-18 08:04:03 -0500] [29017] [INFO] Using worker: sync
[2019-06-18 08:04:03 -0500] [29092] [INFO] Booting worker with pid: 29092
[2019-06-18 08:21:30 -0500] [29017] [INFO] Handling signal: term
[2019-06-18 08:21:30 -0500] [29092] [INFO] Worker exiting (pid: 29092)
[2019-06-18 08:21:31 -0500] [29017] [INFO] Shutting down: Master
[2019-06-18 08:21:34 -0500] [29181] [INFO] Starting gunicorn 19.9.0
[2019-06-18 08:21:34 -0500] [29181] [INFO] Listening at: http://127.0.0.1:4435 (29181)
[2019-06-18 08:21:34 -0500] [29181] [INFO] Using worker: sync
[2019-06-18 08:21:34 -0500] [29255] [INFO] Booting worker with pid: 29255
[2019-06-18 08:31:05 -0500] [29181] [INFO] Handling signal: term
[2019-06-18 08:31:05 -0500] [29255] [INFO] Worker exiting (pid: 29255)
[2019-06-18 08:31:05 -0500] [29181] [INFO] Shutting down: Master
[2019-06-18 08:31:08 -0500] [29357] [INFO] Starting gunicorn 19.9.0
[2019-06-18 08:31:08 -0500] [29357] [INFO] Listening at: http://127.0.0.1:4435 (29357)
[2019-06-18 08:31:08 -0500] [29357] [INFO] Using worker: sync
[2019-06-18 08:31:08 -0500] [29422] [INFO] Booting worker with pid: 29422
[2019-06-18 08:42:25 -0500] [29357] [INFO] Handling signal: term
[2019-06-18 08:42:25 -0500] [29422] [INFO] Worker exiting (pid: 29422)
[2019-06-18 08:42:26 -0500] [29357] [INFO] Shutting down: Master
[2019-06-18 08:42:29 -0500] [29524] [INFO] Starting gunicorn 19.9.0
[2019-06-18 08:42:29 -0500] [29524] [INFO] Listening at: http://127.0.0.1:4435 (29524)
[2019-06-18 08:42:29 -0500] [29524] [INFO] Using worker: sync
[2019-06-18 08:42:29 -0500] [29595] [INFO] Booting worker with pid: 29595
[2019-06-18 09:00:38 -0500] [29524] [INFO] Handling signal: term
[2019-06-18 09:00:38 -0500] [29595] [INFO] Worker exiting (pid: 29595)
[2019-06-18 09:00:39 -0500] [29524] [INFO] Shutting down: Master
[2019-06-18 09:00:41 -0500] [29678] [INFO] Starting gunicorn 19.9.0
[2019-06-18 09:00:41 -0500] [29678] [INFO] Listening at: http://127.0.0.1:4435 (29678)
[2019-06-18 09:00:41 -0500] [29678] [INFO] Using worker: sync
[2019-06-18 09:00:41 -0500] [29747] [INFO] Booting worker with pid: 29747
[2019-06-18 09:20:14 -0500] [29678] [INFO] Handling signal: term
[2019-06-18 09:20:14 -0500] [29747] [INFO] Worker exiting (pid: 29747)
[2019-06-18 09:20:14 -0500] [29678] [INFO] Shutting down: Master
[2019-06-18 09:20:17 -0500] [29832] [INFO] Starting gunicorn 19.9.0
[2019-06-18 09:20:17 -0500] [29832] [INFO] Listening at: http://127.0.0.1:4435 (29832)
[2019-06-18 09:20:17 -0500] [29832] [INFO] Using worker: sync
[2019-06-18 09:20:17 -0500] [29910] [INFO] Booting worker with pid: 29910
[2019-06-18 10:16:07 -0500] [29832] [INFO] Handling signal: term
[2019-06-18 10:16:07 -0500] [29910] [INFO] Worker exiting (pid: 29910)
[2019-06-18 10:16:07 -0500] [29832] [INFO] Shutting down: Master
[2019-06-18 10:16:10 -0500] [30106] [INFO] Starting gunicorn 19.9.0
[2019-06-18 10:16:10 -0500] [30106] [INFO] Listening at: http://127.0.0.1:4435 (30106)
[2019-06-18 10:16:10 -0500] [30106] [INFO] Using worker: sync
[2019-06-18 10:16:10 -0500] [30179] [INFO] Booting worker with pid: 30179
[2019-06-18 12:18:17 -0500] [30106] [INFO] Handling signal: term
[2019-06-18 12:18:17 -0500] [30179] [INFO] Worker exiting (pid: 30179)
[2019-06-18 12:18:18 -0500] [30106] [INFO] Shutting down: Master
[2019-06-18 12:18:21 -0500] [30407] [INFO] Starting gunicorn 19.9.0
[2019-06-18 12:18:21 -0500] [30407] [INFO] Listening at: http://127.0.0.1:4435 (30407)
[2019-06-18 12:18:21 -0500] [30407] [INFO] Using worker: sync
[2019-06-18 12:18:21 -0500] [30482] [INFO] Booting worker with pid: 30482
[2019-06-18 12:48:23 -0500] [30407] [INFO] Handling signal: term
[2019-06-18 12:48:23 -0500] [30482] [INFO] Worker exiting (pid: 30482)
[2019-06-18 12:48:24 -0500] [30407] [INFO] Shutting down: Master
[2019-06-18 12:48:27 -0500] [30571] [INFO] Starting gunicorn 19.9.0
[2019-06-18 12:48:27 -0500] [30571] [INFO] Listening at: http://127.0.0.1:4435 (30571)
[2019-06-18 12:48:27 -0500] [30571] [INFO] Using worker: sync
[2019-06-18 12:48:27 -0500] [30648] [INFO] Booting worker with pid: 30648
[2019-06-18 12:49:41 -0500] [30571] [INFO] Handling signal: term
[2019-06-18 12:49:41 -0500] [30648] [INFO] Worker exiting (pid: 30648)
[2019-06-18 12:49:41 -0500] [30571] [INFO] Shutting down: Master
[2019-06-18 12:49:45 -0500] [30719] [INFO] Starting gunicorn 19.9.0
[2019-06-18 12:49:45 -0500] [30719] [INFO] Listening at: http://127.0.0.1:4435 (30719)
[2019-06-18 12:49:45 -0500] [30719] [INFO] Using worker: sync
[2019-06-18 12:49:45 -0500] [30811] [INFO] Booting worker with pid: 30811
[2019-06-18 12:56:19 -0500] [30719] [INFO] Handling signal: term
[2019-06-18 12:56:19 -0500] [30811] [INFO] Worker exiting (pid: 30811)
[2019-06-18 12:56:20 -0500] [30719] [INFO] Shutting down: Master
[2019-06-18 12:56:23 -0500] [30880] [INFO] Starting gunicorn 19.9.0
[2019-06-18 12:56:23 -0500] [30880] [INFO] Listening at: http://127.0.0.1:4435 (30880)
[2019-06-18 12:56:23 -0500] [30880] [INFO] Using worker: sync
[2019-06-18 12:56:23 -0500] [30952] [INFO] Booting worker with pid: 30952
[2019-06-18 14:28:54 -0500] [30880] [INFO] Handling signal: term
[2019-06-18 14:28:54 -0500] [30952] [INFO] Worker exiting (pid: 30952)
[2019-06-18 14:28:55 -0500] [30880] [INFO] Shutting down: Master
[2019-06-18 14:28:58 -0500] [640] [INFO] Starting gunicorn 19.9.0
[2019-06-18 14:28:58 -0500] [640] [INFO] Listening at: http://127.0.0.1:4435 (640)
[2019-06-18 14:28:58 -0500] [640] [INFO] Using worker: sync
[2019-06-18 14:28:58 -0500] [718] [INFO] Booting worker with pid: 718
[2019-06-18 14:44:46 -0500] [640] [INFO] Handling signal: term
[2019-06-18 14:44:46 -0500] [718] [INFO] Worker exiting (pid: 718)
[2019-06-18 14:44:47 -0500] [640] [INFO] Shutting down: Master
[2019-06-18 14:44:51 -0500] [1107] [INFO] Starting gunicorn 19.9.0
[2019-06-18 14:44:51 -0500] [1107] [INFO] Listening at: http://127.0.0.1:4435 (1107)
[2019-06-18 14:44:51 -0500] [1107] [INFO] Using worker: sync
[2019-06-18 14:44:51 -0500] [1141] [INFO] Booting worker with pid: 1141
[2019-06-19 08:32:52 -0500] [1107] [INFO] Handling signal: term
[2019-06-19 08:32:52 -0500] [1141] [INFO] Worker exiting (pid: 1141)
[2019-06-19 08:32:53 -0500] [1107] [INFO] Shutting down: Master
[2019-06-19 08:32:56 -0500] [5679] [INFO] Starting gunicorn 19.9.0
[2019-06-19 08:32:56 -0500] [5679] [INFO] Listening at: http://127.0.0.1:4435 (5679)
[2019-06-19 08:32:56 -0500] [5679] [INFO] Using worker: sync
[2019-06-19 08:32:56 -0500] [5762] [INFO] Booting worker with pid: 5762
[2019-06-19 09:33:21 -0500] [5679] [INFO] Handling signal: term
[2019-06-19 09:33:21 -0500] [5762] [INFO] Worker exiting (pid: 5762)
[2019-06-19 09:33:21 -0500] [5679] [INFO] Shutting down: Master
[2019-06-19 09:33:24 -0500] [6033] [INFO] Starting gunicorn 19.9.0
[2019-06-19 09:33:24 -0500] [6033] [INFO] Listening at: http://127.0.0.1:4435 (6033)
[2019-06-19 09:33:24 -0500] [6033] [INFO] Using worker: sync
[2019-06-19 09:33:24 -0500] [6108] [INFO] Booting worker with pid: 6108
[2019-06-19 09:57:33 -0500] [6033] [INFO] Handling signal: term
[2019-06-19 09:57:33 -0500] [6108] [INFO] Worker exiting (pid: 6108)
[2019-06-19 09:57:34 -0500] [6033] [INFO] Shutting down: Master
[2019-06-19 09:57:37 -0500] [6227] [INFO] Starting gunicorn 19.9.0
[2019-06-19 09:57:37 -0500] [6227] [INFO] Listening at: http://127.0.0.1:4435 (6227)
[2019-06-19 09:57:37 -0500] [6227] [INFO] Using worker: sync
[2019-06-19 09:57:37 -0500] [6300] [INFO] Booting worker with pid: 6300
[2019-06-19 11:43:24 -0500] [6227] [INFO] Handling signal: term
[2019-06-19 11:43:24 -0500] [6300] [INFO] Worker exiting (pid: 6300)
[2019-06-19 11:43:25 -0500] [6227] [INFO] Shutting down: Master
[2019-06-19 11:43:28 -0500] [6718] [INFO] Starting gunicorn 19.9.0
[2019-06-19 11:43:28 -0500] [6718] [INFO] Listening at: http://127.0.0.1:4435 (6718)
[2019-06-19 11:43:28 -0500] [6718] [INFO] Using worker: sync
[2019-06-19 11:43:28 -0500] [6784] [INFO] Booting worker with pid: 6784
[2019-06-19 11:47:32 -0500] [6718] [INFO] Handling signal: term
[2019-06-19 11:47:32 -0500] [6784] [INFO] Worker exiting (pid: 6784)
[2019-06-19 11:47:33 -0500] [6718] [INFO] Shutting down: Master
[2019-06-19 11:47:36 -0500] [6916] [INFO] Starting gunicorn 19.9.0
[2019-06-19 11:47:36 -0500] [6916] [INFO] Listening at: http://127.0.0.1:4435 (6916)
[2019-06-19 11:47:36 -0500] [6916] [INFO] Using worker: sync
[2019-06-19 11:47:36 -0500] [6981] [INFO] Booting worker with pid: 6981
[2019-06-19 11:55:59 -0500] [6916] [INFO] Handling signal: term
[2019-06-19 11:55:59 -0500] [6981] [INFO] Worker exiting (pid: 6981)
[2019-06-19 11:56:00 -0500] [6916] [INFO] Shutting down: Master
[2019-06-19 11:56:03 -0500] [7098] [INFO] Starting gunicorn 19.9.0
[2019-06-19 11:56:03 -0500] [7098] [INFO] Listening at: http://127.0.0.1:4435 (7098)
[2019-06-19 11:56:03 -0500] [7098] [INFO] Using worker: sync
[2019-06-19 11:56:03 -0500] [7186] [INFO] Booting worker with pid: 7186
[2019-06-19 11:59:30 -0500] [7098] [INFO] Handling signal: term
[2019-06-19 11:59:30 -0500] [7186] [INFO] Worker exiting (pid: 7186)
[2019-06-19 11:59:30 -0500] [7098] [INFO] Shutting down: Master
[2019-06-19 11:59:33 -0500] [7256] [INFO] Starting gunicorn 19.9.0
[2019-06-19 11:59:33 -0500] [7256] [INFO] Listening at: http://127.0.0.1:4435 (7256)
[2019-06-19 11:59:33 -0500] [7256] [INFO] Using worker: sync
[2019-06-19 11:59:33 -0500] [7323] [INFO] Booting worker with pid: 7323
[2019-06-19 12:00:35 -0500] [7256] [INFO] Handling signal: term
[2019-06-19 12:00:35 -0500] [7323] [INFO] Worker exiting (pid: 7323)
[2019-06-19 12:00:36 -0500] [7256] [INFO] Shutting down: Master
[2019-06-19 12:00:38 -0500] [7396] [INFO] Starting gunicorn 19.9.0
[2019-06-19 12:00:38 -0500] [7396] [INFO] Listening at: http://127.0.0.1:4435 (7396)
[2019-06-19 12:00:38 -0500] [7396] [INFO] Using worker: sync
[2019-06-19 12:00:38 -0500] [7462] [INFO] Booting worker with pid: 7462
[2019-06-19 12:06:46 -0500] [7396] [INFO] Handling signal: term
[2019-06-19 12:06:46 -0500] [7462] [INFO] Worker exiting (pid: 7462)
[2019-06-19 12:06:47 -0500] [7396] [INFO] Shutting down: Master
[2019-06-19 12:06:50 -0500] [7618] [INFO] Starting gunicorn 19.9.0
[2019-06-19 12:06:50 -0500] [7618] [INFO] Listening at: http://127.0.0.1:4435 (7618)
[2019-06-19 12:06:50 -0500] [7618] [INFO] Using worker: sync
[2019-06-19 12:06:50 -0500] [7693] [INFO] Booting worker with pid: 7693
[2019-06-19 12:06:57 -0500] [7618] [INFO] Handling signal: term
[2019-06-19 12:06:57 -0500] [7693] [INFO] Worker exiting (pid: 7693)
[2019-06-19 12:06:57 -0500] [7618] [INFO] Shutting down: Master
[2019-06-19 12:07:03 -0500] [7810] [INFO] Starting gunicorn 19.9.0
[2019-06-19 12:07:03 -0500] [7810] [INFO] Listening at: http://127.0.0.1:4435 (7810)
[2019-06-19 12:07:03 -0500] [7810] [INFO] Using worker: sync
[2019-06-19 12:07:03 -0500] [7888] [INFO] Booting worker with pid: 7888
[2019-06-19 12:23:05 -0500] [7810] [INFO] Handling signal: term
[2019-06-19 12:23:05 -0500] [7888] [INFO] Worker exiting (pid: 7888)
[2019-06-19 12:23:05 -0500] [7810] [INFO] Shutting down: Master
[2019-06-19 12:23:21 -0500] [8088] [INFO] Starting gunicorn 19.9.0
[2019-06-19 12:23:21 -0500] [8088] [INFO] Listening at: http://127.0.0.1:4435 (8088)
[2019-06-19 12:23:21 -0500] [8088] [INFO] Using worker: sync
[2019-06-19 12:23:21 -0500] [8167] [INFO] Booting worker with pid: 8167
[2019-06-19 12:49:04 -0500] [8088] [INFO] Handling signal: term
[2019-06-19 12:49:04 -0500] [8167] [INFO] Worker exiting (pid: 8167)
[2019-06-19 12:49:04 -0500] [8088] [INFO] Shutting down: Master
[2019-06-19 12:49:10 -0500] [8345] [INFO] Starting gunicorn 19.9.0
[2019-06-19 12:49:10 -0500] [8345] [INFO] Listening at: http://127.0.0.1:4435 (8345)
[2019-06-19 12:49:10 -0500] [8345] [INFO] Using worker: sync
[2019-06-19 12:49:10 -0500] [8430] [INFO] Booting worker with pid: 8430
[2019-06-19 12:55:58 -0500] [8345] [INFO] Handling signal: term
[2019-06-19 12:55:58 -0500] [8430] [INFO] Worker exiting (pid: 8430)
[2019-06-19 12:55:59 -0500] [8345] [INFO] Shutting down: Master
[2019-06-19 12:56:05 -0500] [8539] [INFO] Starting gunicorn 19.9.0
[2019-06-19 12:56:05 -0500] [8539] [INFO] Listening at: http://127.0.0.1:4435 (8539)
[2019-06-19 12:56:05 -0500] [8539] [INFO] Using worker: sync
[2019-06-19 12:56:05 -0500] [8623] [INFO] Booting worker with pid: 8623
[2019-06-19 13:02:19 -0500] [8539] [INFO] Handling signal: term
[2019-06-19 13:02:19 -0500] [8623] [INFO] Worker exiting (pid: 8623)
[2019-06-19 13:02:19 -0500] [8539] [INFO] Shutting down: Master
[2019-06-19 13:02:35 -0500] [8706] [INFO] Starting gunicorn 19.9.0
[2019-06-19 13:02:35 -0500] [8706] [INFO] Listening at: http://127.0.0.1:4435 (8706)
[2019-06-19 13:02:35 -0500] [8706] [INFO] Using worker: sync
[2019-06-19 13:02:35 -0500] [8787] [INFO] Booting worker with pid: 8787
[2019-06-19 13:49:02 -0500] [8706] [INFO] Handling signal: term
[2019-06-19 13:49:02 -0500] [8787] [INFO] Worker exiting (pid: 8787)
[2019-06-19 13:49:02 -0500] [8706] [INFO] Shutting down: Master
[2019-06-19 13:49:08 -0500] [8908] [INFO] Starting gunicorn 19.9.0
[2019-06-19 13:49:08 -0500] [8908] [INFO] Listening at: http://127.0.0.1:4435 (8908)
[2019-06-19 13:49:08 -0500] [8908] [INFO] Using worker: sync
[2019-06-19 13:49:08 -0500] [8992] [INFO] Booting worker with pid: 8992
[2019-06-19 13:56:13 -0500] [8908] [INFO] Handling signal: term
[2019-06-19 13:56:13 -0500] [8992] [INFO] Worker exiting (pid: 8992)
[2019-06-19 13:56:13 -0500] [8908] [INFO] Shutting down: Master
[2019-06-19 13:56:19 -0500] [9130] [INFO] Starting gunicorn 19.9.0
[2019-06-19 13:56:19 -0500] [9130] [INFO] Listening at: http://127.0.0.1:4435 (9130)
[2019-06-19 13:56:19 -0500] [9130] [INFO] Using worker: sync
[2019-06-19 13:56:19 -0500] [9215] [INFO] Booting worker with pid: 9215
[2019-06-19 13:57:37 -0500] [9130] [INFO] Handling signal: term
[2019-06-19 13:57:37 -0500] [9215] [INFO] Worker exiting (pid: 9215)
[2019-06-19 13:57:37 -0500] [9130] [INFO] Shutting down: Master
[2019-06-19 13:57:43 -0500] [9353] [INFO] Starting gunicorn 19.9.0
[2019-06-19 13:57:43 -0500] [9353] [INFO] Listening at: http://127.0.0.1:4435 (9353)
[2019-06-19 13:57:43 -0500] [9353] [INFO] Using worker: sync
[2019-06-19 13:57:43 -0500] [9438] [INFO] Booting worker with pid: 9438
[2019-06-19 14:13:04 -0500] [9353] [INFO] Handling signal: term
[2019-06-19 14:13:04 -0500] [9438] [INFO] Worker exiting (pid: 9438)
[2019-06-19 14:13:04 -0500] [9353] [INFO] Shutting down: Master
[2019-06-19 14:13:11 -0500] [9566] [INFO] Starting gunicorn 19.9.0
[2019-06-19 14:13:11 -0500] [9566] [INFO] Listening at: http://127.0.0.1:4435 (9566)
[2019-06-19 14:13:11 -0500] [9566] [INFO] Using worker: sync
[2019-06-19 14:13:11 -0500] [9648] [INFO] Booting worker with pid: 9648
[2019-06-19 14:14:58 -0500] [9566] [INFO] Handling signal: term
[2019-06-19 14:14:58 -0500] [9648] [INFO] Worker exiting (pid: 9648)
[2019-06-19 14:14:58 -0500] [9566] [INFO] Shutting down: Master
[2019-06-19 14:15:04 -0500] [9763] [INFO] Starting gunicorn 19.9.0
[2019-06-19 14:15:04 -0500] [9763] [INFO] Listening at: http://127.0.0.1:4435 (9763)
[2019-06-19 14:15:04 -0500] [9763] [INFO] Using worker: sync
[2019-06-19 14:15:04 -0500] [9838] [INFO] Booting worker with pid: 9838
[2019-06-19 14:16:59 -0500] [9763] [INFO] Handling signal: term
[2019-06-19 14:16:59 -0500] [9838] [INFO] Worker exiting (pid: 9838)
[2019-06-19 14:16:59 -0500] [9763] [INFO] Shutting down: Master
[2019-06-19 14:17:05 -0500] [9960] [INFO] Starting gunicorn 19.9.0
[2019-06-19 14:17:05 -0500] [9960] [INFO] Listening at: http://127.0.0.1:4435 (9960)
[2019-06-19 14:17:05 -0500] [9960] [INFO] Using worker: sync
[2019-06-19 14:17:05 -0500] [10044] [INFO] Booting worker with pid: 10044
[2019-06-19 14:21:28 -0500] [9960] [INFO] Handling signal: term
[2019-06-19 14:21:28 -0500] [10044] [INFO] Worker exiting (pid: 10044)
[2019-06-19 14:21:28 -0500] [9960] [INFO] Shutting down: Master
[2019-06-19 14:21:34 -0500] [10166] [INFO] Starting gunicorn 19.9.0
[2019-06-19 14:21:34 -0500] [10166] [INFO] Listening at: http://127.0.0.1:4435 (10166)
[2019-06-19 14:21:34 -0500] [10166] [INFO] Using worker: sync
[2019-06-19 14:21:34 -0500] [10251] [INFO] Booting worker with pid: 10251
[2019-06-19 14:23:50 -0500] [10166] [INFO] Handling signal: term
[2019-06-19 14:23:50 -0500] [10251] [INFO] Worker exiting (pid: 10251)
[2019-06-19 14:23:50 -0500] [10166] [INFO] Shutting down: Master
[2019-06-19 14:23:56 -0500] [10367] [INFO] Starting gunicorn 19.9.0
[2019-06-19 14:23:56 -0500] [10367] [INFO] Listening at: http://127.0.0.1:4435 (10367)
[2019-06-19 14:23:56 -0500] [10367] [INFO] Using worker: sync
[2019-06-19 14:23:56 -0500] [10447] [INFO] Booting worker with pid: 10447
[2019-06-19 14:27:23 -0500] [10367] [INFO] Handling signal: term
[2019-06-19 14:27:23 -0500] [10447] [INFO] Worker exiting (pid: 10447)
[2019-06-19 14:27:24 -0500] [10367] [INFO] Shutting down: Master
[2019-06-19 14:27:30 -0500] [10550] [INFO] Starting gunicorn 19.9.0
[2019-06-19 14:27:30 -0500] [10550] [INFO] Listening at: http://127.0.0.1:4435 (10550)
[2019-06-19 14:27:30 -0500] [10550] [INFO] Using worker: sync
[2019-06-19 14:27:30 -0500] [10633] [INFO] Booting worker with pid: 10633
[2019-06-19 14:30:43 -0500] [10550] [INFO] Handling signal: term
[2019-06-19 14:30:43 -0500] [10633] [INFO] Worker exiting (pid: 10633)
[2019-06-19 14:30:44 -0500] [10550] [INFO] Shutting down: Master
[2019-06-19 14:30:50 -0500] [10744] [INFO] Starting gunicorn 19.9.0
[2019-06-19 14:30:50 -0500] [10744] [INFO] Listening at: http://127.0.0.1:4435 (10744)
[2019-06-19 14:30:50 -0500] [10744] [INFO] Using worker: sync
[2019-06-19 14:30:50 -0500] [10827] [INFO] Booting worker with pid: 10827
[2019-06-19 14:41:34 -0500] [10744] [INFO] Handling signal: term
[2019-06-19 14:41:34 -0500] [10827] [INFO] Worker exiting (pid: 10827)
[2019-06-19 14:41:34 -0500] [10744] [INFO] Shutting down: Master
[2019-06-19 14:41:40 -0500] [11095] [INFO] Starting gunicorn 19.9.0
[2019-06-19 14:41:40 -0500] [11095] [INFO] Listening at: http://127.0.0.1:4435 (11095)
[2019-06-19 14:41:40 -0500] [11095] [INFO] Using worker: sync
[2019-06-19 14:41:41 -0500] [11177] [INFO] Booting worker with pid: 11177
[2019-06-20 14:23:56 -0500] [11095] [INFO] Handling signal: term
[2019-06-20 14:23:56 -0500] [11177] [INFO] Worker exiting (pid: 11177)
[2019-06-20 14:23:56 -0500] [11095] [INFO] Shutting down: Master
[2019-06-20 14:24:02 -0500] [13816] [INFO] Starting gunicorn 19.9.0
[2019-06-20 14:24:02 -0500] [13816] [INFO] Listening at: http://127.0.0.1:4435 (13816)
[2019-06-20 14:24:02 -0500] [13816] [INFO] Using worker: sync
[2019-06-20 14:24:02 -0500] [13890] [INFO] Booting worker with pid: 13890
[2019-06-20 15:11:21 -0500] [13816] [INFO] Handling signal: term
[2019-06-20 15:11:21 -0500] [13890] [INFO] Worker exiting (pid: 13890)
[2019-06-20 15:11:22 -0500] [13816] [INFO] Shutting down: Master
[2019-06-20 15:11:28 -0500] [14013] [INFO] Starting gunicorn 19.9.0
[2019-06-20 15:11:28 -0500] [14013] [INFO] Listening at: http://127.0.0.1:4435 (14013)
[2019-06-20 15:11:28 -0500] [14013] [INFO] Using worker: sync
[2019-06-20 15:11:28 -0500] [14090] [INFO] Booting worker with pid: 14090
[2019-06-20 15:24:57 -0500] [14013] [INFO] Handling signal: term
[2019-06-20 15:24:57 -0500] [14090] [INFO] Worker exiting (pid: 14090)
[2019-06-20 15:24:57 -0500] [14013] [INFO] Shutting down: Master
[2019-06-20 15:25:03 -0500] [14208] [INFO] Starting gunicorn 19.9.0
[2019-06-20 15:25:03 -0500] [14208] [INFO] Listening at: http://127.0.0.1:4435 (14208)
[2019-06-20 15:25:03 -0500] [14208] [INFO] Using worker: sync
[2019-06-20 15:25:03 -0500] [14289] [INFO] Booting worker with pid: 14289
[2019-06-20 15:43:37 -0500] [14208] [INFO] Handling signal: term
[2019-06-20 15:43:37 -0500] [14289] [INFO] Worker exiting (pid: 14289)
[2019-06-20 15:43:37 -0500] [14208] [INFO] Shutting down: Master
[2019-06-20 15:43:44 -0500] [14419] [INFO] Starting gunicorn 19.9.0
[2019-06-20 15:43:44 -0500] [14419] [INFO] Listening at: http://127.0.0.1:4435 (14419)
[2019-06-20 15:43:44 -0500] [14419] [INFO] Using worker: sync
[2019-06-20 15:43:44 -0500] [14506] [INFO] Booting worker with pid: 14506
[2019-06-21 07:45:53 -0500] [14419] [CRITICAL] WORKER TIMEOUT (pid:14506)
[2019-06-21 07:45:56 -0500] [32072] [INFO] Booting worker with pid: 32072
[2019-06-25 09:33:36 -0500] [14419] [INFO] Handling signal: term
[2019-06-25 09:33:36 -0500] [32072] [INFO] Worker exiting (pid: 32072)
[2019-06-25 09:33:37 -0500] [14419] [INFO] Shutting down: Master
[2019-06-25 09:33:40 -0500] [5910] [INFO] Starting gunicorn 19.9.0
[2019-06-25 09:33:40 -0500] [5910] [INFO] Listening at: http://127.0.0.1:4435 (5910)
[2019-06-25 09:33:40 -0500] [5910] [INFO] Using worker: sync
[2019-06-25 09:33:40 -0500] [5994] [INFO] Booting worker with pid: 5994
[2019-06-25 16:17:39 -0500] [5910] [INFO] Handling signal: term
[2019-06-25 16:17:39 -0500] [5994] [INFO] Worker exiting (pid: 5994)
[2019-06-25 16:17:40 -0500] [5910] [INFO] Shutting down: Master
[2019-06-25 16:17:47 -0500] [11377] [INFO] Starting gunicorn 19.9.0
[2019-06-25 16:17:47 -0500] [11377] [INFO] Listening at: http://127.0.0.1:4435 (11377)
[2019-06-25 16:17:47 -0500] [11377] [INFO] Using worker: sync
[2019-06-25 16:17:47 -0500] [11534] [INFO] Booting worker with pid: 11534
[2019-06-26 12:15:49 -0500] [11377] [CRITICAL] WORKER TIMEOUT (pid:11534)
[2019-06-26 12:15:54 -0500] [11534] [INFO] Worker exiting (pid: 11534)
[2019-06-26 12:15:55 -0500] [2142] [INFO] Booting worker with pid: 2142
[2019-06-29 01:05:45 -0500] [11377] [CRITICAL] WORKER TIMEOUT (pid:2142)
[2019-06-29 01:06:22 -0500] [29569] [INFO] Booting worker with pid: 29569
[2019-06-29 01:06:52 -0500] [11377] [CRITICAL] WORKER TIMEOUT (pid:29569)
[2019-06-29 01:06:54 -0500] [29625] [INFO] Booting worker with pid: 29625
[2019-07-03 10:50:43 -0500] [11377] [INFO] Handling signal: term
[2019-07-03 10:50:43 -0500] [29625] [INFO] Worker exiting (pid: 29625)
[2019-07-03 10:50:44 -0500] [11377] [INFO] Shutting down: Master
[2019-07-03 10:50:49 -0500] [16663] [INFO] Starting gunicorn 19.9.0
[2019-07-03 10:50:49 -0500] [16663] [INFO] Listening at: http://127.0.0.1:4435 (16663)
[2019-07-03 10:50:49 -0500] [16663] [INFO] Using worker: sync
[2019-07-03 10:50:51 -0500] [16763] [INFO] Booting worker with pid: 16763
[2019-07-08 12:58:36 -0500] [16663] [INFO] Handling signal: term
[2019-07-08 12:58:36 -0500] [16763] [INFO] Worker exiting (pid: 16763)
[2019-07-08 12:58:51 -0500] [16663] [INFO] Shutting down: Master
[2019-07-08 12:58:57 -0500] [13909] [INFO] Starting gunicorn 19.9.0
[2019-07-08 12:58:57 -0500] [13909] [INFO] Listening at: http://127.0.0.1:4435 (13909)
[2019-07-08 12:58:57 -0500] [13909] [INFO] Using worker: sync
[2019-07-08 12:58:57 -0500] [13980] [INFO] Booting worker with pid: 13980
[2019-07-08 15:46:58 -0500] [13909] [CRITICAL] WORKER TIMEOUT (pid:13980)
[2019-07-08 15:46:58 -0500] [13980] [INFO] Worker exiting (pid: 13980)
[2019-07-08 15:47:04 -0500] [17055] [INFO] Booting worker with pid: 17055
[2019-07-08 15:47:16 -0500] [13909] [INFO] Handling signal: term
[2019-07-08 15:47:23 -0500] [17055] [INFO] Worker exiting (pid: 17055)
[2019-07-08 15:47:24 -0500] [13909] [INFO] Shutting down: Master
[2019-07-08 15:49:24 -0500] [2013] [INFO] Starting gunicorn 19.9.0
[2019-07-08 15:49:24 -0500] [2013] [INFO] Listening at: http://127.0.0.1:4435 (2013)
[2019-07-08 15:49:24 -0500] [2013] [INFO] Using worker: sync
[2019-07-08 15:49:25 -0500] [2349] [INFO] Booting worker with pid: 2349
[2019-07-08 15:58:12 -0500] [2013] [INFO] Handling signal: term
[2019-07-08 15:58:12 -0500] [2349] [INFO] Worker exiting (pid: 2349)
[2019-07-08 15:58:12 -0500] [2013] [INFO] Shutting down: Master
[2019-07-08 15:58:22 -0500] [3178] [INFO] Starting gunicorn 19.9.0
[2019-07-08 15:58:22 -0500] [3178] [INFO] Listening at: http://127.0.0.1:4435 (3178)
[2019-07-08 15:58:22 -0500] [3178] [INFO] Using worker: sync
[2019-07-08 15:58:22 -0500] [3270] [INFO] Booting worker with pid: 3270
[2019-07-10 17:50:55 -0500] [3178] [INFO] Handling signal: term
[2019-07-10 17:50:55 -0500] [3270] [INFO] Worker exiting (pid: 3270)
[2019-07-10 17:50:56 -0500] [3178] [INFO] Shutting down: Master
[2019-07-10 17:51:02 -0500] [26126] [INFO] Starting gunicorn 19.9.0
[2019-07-10 17:51:02 -0500] [26126] [INFO] Listening at: http://127.0.0.1:4435 (26126)
[2019-07-10 17:51:02 -0500] [26126] [INFO] Using worker: sync
[2019-07-10 17:51:02 -0500] [26213] [INFO] Booting worker with pid: 26213
[2019-07-11 10:06:55 -0500] [2127] [INFO] Starting gunicorn 19.9.0
[2019-07-11 10:06:55 -0500] [2127] [INFO] Listening at: http://127.0.0.1:4435 (2127)
[2019-07-11 10:06:55 -0500] [2127] [INFO] Using worker: sync
[2019-07-11 10:06:56 -0500] [2856] [INFO] Booting worker with pid: 2856
[2019-07-11 10:07:26 -0500] [2127] [CRITICAL] WORKER TIMEOUT (pid:2856)
[2019-07-11 10:07:27 -0500] [2856] [INFO] Worker exiting (pid: 2856)
[2019-07-11 10:07:27 -0500] [3603] [INFO] Booting worker with pid: 3603
[2019-07-11 10:08:42 -0500] [2127] [INFO] Handling signal: term
[2019-07-11 10:08:42 -0500] [3603] [INFO] Worker exiting (pid: 3603)
[2019-07-11 10:08:42 -0500] [2127] [INFO] Shutting down: Master
[2019-07-11 10:08:55 -0500] [3877] [INFO] Starting gunicorn 19.9.0
[2019-07-11 10:08:55 -0500] [3877] [INFO] Listening at: http://127.0.0.1:4435 (3877)
[2019-07-11 10:08:55 -0500] [3877] [INFO] Using worker: sync
[2019-07-11 10:08:55 -0500] [3932] [INFO] Booting worker with pid: 3932
[2019-07-12 04:41:24 -0500] [3877] [CRITICAL] WORKER TIMEOUT (pid:3932)
[2019-07-12 04:41:24 -0500] [3932] [INFO] Worker exiting (pid: 3932)
[2019-07-12 04:41:24 -0500] [12065] [INFO] Booting worker with pid: 12065
[2019-07-12 10:49:28 -0500] [3877] [CRITICAL] WORKER TIMEOUT (pid:12065)
[2019-07-12 10:49:28 -0500] [12065] [INFO] Worker exiting (pid: 12065)
[2019-07-12 10:49:29 -0500] [16132] [INFO] Booting worker with pid: 16132
[2019-07-12 14:54:43 -0500] [2191] [INFO] Starting gunicorn 19.9.0
[2019-07-12 14:54:43 -0500] [2191] [INFO] Listening at: http://127.0.0.1:4435 (2191)
[2019-07-12 14:54:43 -0500] [2191] [INFO] Using worker: sync
[2019-07-12 14:54:44 -0500] [2383] [INFO] Booting worker with pid: 2383
[2019-07-12 14:55:14 -0500] [2191] [CRITICAL] WORKER TIMEOUT (pid:2383)
[2019-07-12 14:55:17 -0500] [2915] [INFO] Booting worker with pid: 2915
[2019-07-12 14:55:47 -0500] [2191] [CRITICAL] WORKER TIMEOUT (pid:2915)
[2019-07-12 14:55:47 -0500] [2915] [INFO] Worker exiting (pid: 2915)
[2019-07-12 14:55:48 -0500] [3057] [INFO] Booting worker with pid: 3057
[2019-07-13 12:04:02 -0500] [2191] [INFO] Handling signal: term
[2019-07-13 12:04:02 -0500] [3057] [INFO] Worker exiting (pid: 3057)
[2019-07-13 12:04:03 -0500] [2191] [INFO] Shutting down: Master
[2019-07-13 12:04:16 -0500] [8751] [INFO] Starting gunicorn 19.9.0
[2019-07-13 12:04:16 -0500] [8751] [INFO] Listening at: http://127.0.0.1:4435 (8751)
[2019-07-13 12:04:16 -0500] [8751] [INFO] Using worker: sync
[2019-07-13 12:04:16 -0500] [8844] [INFO] Booting worker with pid: 8844
[2019-07-13 13:17:24 -0500] [8751] [INFO] Handling signal: term
[2019-07-13 13:17:24 -0500] [8844] [INFO] Worker exiting (pid: 8844)
[2019-07-13 13:17:24 -0500] [8751] [INFO] Shutting down: Master
[2019-07-13 13:17:27 -0500] [9611] [INFO] Starting gunicorn 19.9.0
[2019-07-13 13:17:27 -0500] [9611] [INFO] Listening at: http://127.0.0.1:4435 (9611)
[2019-07-13 13:17:27 -0500] [9611] [INFO] Using worker: sync
[2019-07-13 13:17:27 -0500] [9705] [INFO] Booting worker with pid: 9705
[2019-07-15 16:05:38 -0500] [9611] [CRITICAL] WORKER TIMEOUT (pid:9705)
[2019-07-15 16:05:49 -0500] [23109] [INFO] Booting worker with pid: 23109
[2019-07-15 16:06:19 -0500] [9611] [CRITICAL] WORKER TIMEOUT (pid:23109)
[2019-07-15 16:06:19 -0500] [23109] [INFO] Worker exiting (pid: 23109)
[2019-07-15 16:06:20 -0500] [23132] [INFO] Booting worker with pid: 23132
[2019-07-16 08:59:26 -0500] [9611] [CRITICAL] WORKER TIMEOUT (pid:23132)
[2019-07-16 09:04:07 -0500] [23132] [INFO] Worker exiting (pid: 23132)
[2019-07-16 09:04:32 -0500] [29616] [INFO] Booting worker with pid: 29616
[2019-07-16 15:38:31 -0500] [2145] [INFO] Starting gunicorn 19.9.0
[2019-07-16 15:38:31 -0500] [2145] [INFO] Listening at: http://127.0.0.1:4435 (2145)
[2019-07-16 15:38:31 -0500] [2145] [INFO] Using worker: sync
[2019-07-16 15:38:31 -0500] [2401] [INFO] Booting worker with pid: 2401
[2019-07-16 15:42:34 -0500] [2145] [INFO] Handling signal: term
[2019-07-16 15:42:34 -0500] [2401] [INFO] Worker exiting (pid: 2401)
[2019-07-16 15:42:35 -0500] [2145] [INFO] Shutting down: Master
[2019-07-16 15:42:47 -0500] [3348] [INFO] Starting gunicorn 19.9.0
[2019-07-16 15:42:47 -0500] [3348] [INFO] Listening at: http://127.0.0.1:4435 (3348)
[2019-07-16 15:42:47 -0500] [3348] [INFO] Using worker: sync
[2019-07-16 15:42:47 -0500] [3449] [INFO] Booting worker with pid: 3449
[2019-07-17 08:30:41 -0500] [3348] [CRITICAL] WORKER TIMEOUT (pid:3449)
[2019-07-17 08:30:50 -0500] [10556] [INFO] Booting worker with pid: 10556
[2019-07-17 08:31:20 -0500] [3348] [CRITICAL] WORKER TIMEOUT (pid:10556)
[2019-07-17 08:31:20 -0500] [10556] [INFO] Worker exiting (pid: 10556)
[2019-07-17 08:31:21 -0500] [10568] [INFO] Booting worker with pid: 10568
[2019-07-17 13:31:42 -0500] [2175] [INFO] Starting gunicorn 19.9.0
[2019-07-17 13:31:42 -0500] [2175] [INFO] Listening at: http://127.0.0.1:4435 (2175)
[2019-07-17 13:31:42 -0500] [2175] [INFO] Using worker: sync
[2019-07-17 13:31:42 -0500] [2463] [INFO] Booting worker with pid: 2463
[2019-07-17 17:22:13 -0500] [2113] [INFO] Starting gunicorn 19.9.0
[2019-07-17 17:22:13 -0500] [2113] [INFO] Listening at: http://127.0.0.1:4435 (2113)
[2019-07-17 17:22:13 -0500] [2113] [INFO] Using worker: sync
[2019-07-17 17:22:13 -0500] [2302] [INFO] Booting worker with pid: 2302
[2019-07-17 17:22:39 -0500] [2113] [INFO] Handling signal: term
[2019-07-17 17:22:39 -0500] [2302] [INFO] Worker exiting (pid: 2302)
[2019-07-17 17:22:40 -0500] [2113] [INFO] Shutting down: Master
[2019-07-17 17:22:43 -0500] [3186] [INFO] Starting gunicorn 19.9.0
[2019-07-17 17:22:43 -0500] [3186] [INFO] Listening at: http://127.0.0.1:4435 (3186)
[2019-07-17 17:22:43 -0500] [3186] [INFO] Using worker: sync
[2019-07-17 17:22:43 -0500] [3272] [INFO] Booting worker with pid: 3272
[2019-07-17 17:32:07 -0500] [2127] [INFO] Starting gunicorn 19.9.0
[2019-07-17 17:32:07 -0500] [2127] [INFO] Listening at: http://127.0.0.1:4435 (2127)
[2019-07-17 17:32:07 -0500] [2127] [INFO] Using worker: sync
[2019-07-17 17:32:07 -0500] [2387] [INFO] Booting worker with pid: 2387
[2019-07-18 01:20:37 -0500] [2127] [CRITICAL] WORKER TIMEOUT (pid:2387)
[2019-07-18 01:20:37 -0500] [2387] [INFO] Worker exiting (pid: 2387)
[2019-07-18 01:20:46 -0500] [6792] [INFO] Booting worker with pid: 6792
[2019-07-18 06:05:42 -0500] [2127] [CRITICAL] WORKER TIMEOUT (pid:6792)
[2019-07-18 06:05:46 -0500] [8517] [INFO] Booting worker with pid: 8517
[2019-07-18 13:49:37 -0500] [2127] [INFO] Handling signal: term
[2019-07-18 13:49:37 -0500] [8517] [INFO] Worker exiting (pid: 8517)
[2019-07-18 13:49:37 -0500] [2127] [INFO] Shutting down: Master
[2019-07-18 13:49:40 -0500] [20267] [INFO] Starting gunicorn 19.9.0
[2019-07-18 13:49:40 -0500] [20267] [INFO] Listening at: http://127.0.0.1:4435 (20267)
[2019-07-18 13:49:40 -0500] [20267] [INFO] Using worker: sync
[2019-07-18 13:49:40 -0500] [20363] [INFO] Booting worker with pid: 20363
[2019-07-18 13:49:50 -0500] [20267] [INFO] Handling signal: term
[2019-07-18 13:49:50 -0500] [20363] [INFO] Worker exiting (pid: 20363)
[2019-07-18 13:49:51 -0500] [20267] [INFO] Shutting down: Master
[2019-07-18 13:49:58 -0500] [20736] [INFO] Starting gunicorn 19.9.0
[2019-07-18 13:49:58 -0500] [20736] [INFO] Listening at: http://127.0.0.1:4435 (20736)
[2019-07-18 13:49:58 -0500] [20736] [INFO] Using worker: sync
[2019-07-18 13:49:58 -0500] [20821] [INFO] Booting worker with pid: 20821
[2019-07-18 20:16:59 -0500] [20736] [INFO] Handling signal: term
[2019-07-18 20:16:59 -0500] [20821] [INFO] Worker exiting (pid: 20821)
[2019-07-18 20:16:59 -0500] [20736] [INFO] Shutting down: Master
[2019-07-18 20:17:01 -0500] [31293] [INFO] Starting gunicorn 19.9.0
[2019-07-18 20:17:01 -0500] [31293] [INFO] Listening at: http://127.0.0.1:4435 (31293)
[2019-07-18 20:17:01 -0500] [31293] [INFO] Using worker: sync
[2019-07-18 20:17:01 -0500] [31402] [INFO] Booting worker with pid: 31402
[2019-07-18 20:19:28 -0500] [31293] [INFO] Handling signal: term
[2019-07-18 20:19:28 -0500] [31402] [INFO] Worker exiting (pid: 31402)
[2019-07-18 20:19:29 -0500] [31293] [INFO] Shutting down: Master
[2019-07-18 20:19:31 -0500] [31504] [INFO] Starting gunicorn 19.9.0
[2019-07-18 20:19:31 -0500] [31504] [INFO] Listening at: http://127.0.0.1:4435 (31504)
[2019-07-18 20:19:31 -0500] [31504] [INFO] Using worker: sync
[2019-07-18 20:19:31 -0500] [31594] [INFO] Booting worker with pid: 31594
[2019-07-18 20:56:45 -0500] [31504] [INFO] Handling signal: term
[2019-07-18 20:56:45 -0500] [31594] [INFO] Worker exiting (pid: 31594)
[2019-07-18 20:56:46 -0500] [31504] [INFO] Shutting down: Master
[2019-07-18 20:56:49 -0500] [31829] [INFO] Starting gunicorn 19.9.0
[2019-07-18 20:56:49 -0500] [31829] [INFO] Listening at: http://127.0.0.1:4435 (31829)
[2019-07-18 20:56:49 -0500] [31829] [INFO] Using worker: sync
[2019-07-18 20:56:49 -0500] [31929] [INFO] Booting worker with pid: 31929
[2019-07-18 21:02:01 -0500] [31829] [INFO] Handling signal: term
[2019-07-18 21:02:01 -0500] [31929] [INFO] Worker exiting (pid: 31929)
[2019-07-18 21:02:02 -0500] [31829] [INFO] Shutting down: Master
[2019-07-18 21:02:05 -0500] [32068] [INFO] Starting gunicorn 19.9.0
[2019-07-18 21:02:05 -0500] [32068] [INFO] Listening at: http://127.0.0.1:4435 (32068)
[2019-07-18 21:02:05 -0500] [32068] [INFO] Using worker: sync
[2019-07-18 21:02:05 -0500] [32165] [INFO] Booting worker with pid: 32165
[2019-07-18 21:36:36 -0500] [32068] [INFO] Handling signal: term
[2019-07-18 21:36:36 -0500] [32165] [INFO] Worker exiting (pid: 32165)
[2019-07-18 21:36:37 -0500] [32068] [INFO] Shutting down: Master
[2019-07-18 21:36:38 -0500] [32323] [INFO] Starting gunicorn 19.9.0
[2019-07-18 21:36:38 -0500] [32323] [INFO] Listening at: http://127.0.0.1:4435 (32323)
[2019-07-18 21:36:38 -0500] [32323] [INFO] Using worker: sync
[2019-07-18 21:36:39 -0500] [32421] [INFO] Booting worker with pid: 32421
[2019-07-18 21:41:47 -0500] [32323] [INFO] Handling signal: term
[2019-07-18 21:41:47 -0500] [32421] [INFO] Worker exiting (pid: 32421)
[2019-07-18 21:41:48 -0500] [32323] [INFO] Shutting down: Master
[2019-07-18 21:41:50 -0500] [32531] [INFO] Starting gunicorn 19.9.0
[2019-07-18 21:41:50 -0500] [32531] [INFO] Listening at: http://127.0.0.1:4435 (32531)
[2019-07-18 21:41:50 -0500] [32531] [INFO] Using worker: sync
[2019-07-18 21:41:50 -0500] [32625] [INFO] Booting worker with pid: 32625
[2019-07-18 21:47:01 -0500] [32531] [INFO] Handling signal: term
[2019-07-18 21:47:01 -0500] [32625] [INFO] Worker exiting (pid: 32625)
[2019-07-18 21:47:02 -0500] [32531] [INFO] Shutting down: Master
[2019-07-18 21:47:05 -0500] [326] [INFO] Starting gunicorn 19.9.0
[2019-07-18 21:47:05 -0500] [326] [INFO] Listening at: http://127.0.0.1:4435 (326)
[2019-07-18 21:47:05 -0500] [326] [INFO] Using worker: sync
[2019-07-18 21:47:05 -0500] [425] [INFO] Booting worker with pid: 425
[2019-07-18 22:12:36 -0500] [326] [INFO] Handling signal: term
[2019-07-18 22:12:36 -0500] [425] [INFO] Worker exiting (pid: 425)
[2019-07-18 22:12:36 -0500] [326] [INFO] Shutting down: Master
[2019-07-18 22:12:39 -0500] [1125] [INFO] Starting gunicorn 19.9.0
[2019-07-18 22:12:39 -0500] [1125] [INFO] Listening at: http://127.0.0.1:4435 (1125)
[2019-07-18 22:12:39 -0500] [1125] [INFO] Using worker: sync
[2019-07-18 22:12:39 -0500] [1222] [INFO] Booting worker with pid: 1222
[2019-07-18 22:13:43 -0500] [1125] [INFO] Handling signal: term
[2019-07-18 22:13:43 -0500] [1222] [INFO] Worker exiting (pid: 1222)
[2019-07-18 22:13:43 -0500] [1125] [INFO] Shutting down: Master
[2019-07-18 22:13:46 -0500] [1357] [INFO] Starting gunicorn 19.9.0
[2019-07-18 22:13:46 -0500] [1357] [INFO] Listening at: http://127.0.0.1:4435 (1357)
[2019-07-18 22:13:46 -0500] [1357] [INFO] Using worker: sync
[2019-07-18 22:13:46 -0500] [1452] [INFO] Booting worker with pid: 1452
[2019-07-19 05:45:38 -0500] [1357] [CRITICAL] WORKER TIMEOUT (pid:1452)
[2019-07-19 05:45:58 -0500] [3099] [INFO] Booting worker with pid: 3099
[2019-07-19 07:35:50 -0500] [1357] [INFO] Handling signal: term
[2019-07-19 07:35:50 -0500] [3099] [INFO] Worker exiting (pid: 3099)
[2019-07-19 07:35:51 -0500] [1357] [INFO] Shutting down: Master
[2019-07-19 07:35:54 -0500] [4272] [INFO] Starting gunicorn 19.9.0
[2019-07-19 07:35:54 -0500] [4272] [INFO] Listening at: http://127.0.0.1:4435 (4272)
[2019-07-19 07:35:54 -0500] [4272] [INFO] Using worker: sync
[2019-07-19 07:35:54 -0500] [4361] [INFO] Booting worker with pid: 4361
[2019-07-19 07:36:53 -0500] [4272] [INFO] Handling signal: term
[2019-07-19 07:36:53 -0500] [4361] [INFO] Worker exiting (pid: 4361)
[2019-07-19 07:36:54 -0500] [4272] [INFO] Shutting down: Master
[2019-07-19 07:36:56 -0500] [4530] [INFO] Starting gunicorn 19.9.0
[2019-07-19 07:36:56 -0500] [4530] [INFO] Listening at: http://127.0.0.1:4435 (4530)
[2019-07-19 07:36:56 -0500] [4530] [INFO] Using worker: sync
[2019-07-19 07:36:56 -0500] [4626] [INFO] Booting worker with pid: 4626
[2019-07-19 08:05:30 -0500] [4530] [INFO] Handling signal: term
[2019-07-19 08:05:30 -0500] [4626] [INFO] Worker exiting (pid: 4626)
[2019-07-19 08:05:31 -0500] [4530] [INFO] Shutting down: Master
[2019-07-19 08:05:34 -0500] [5386] [INFO] Starting gunicorn 19.9.0
[2019-07-19 08:05:34 -0500] [5386] [INFO] Listening at: http://127.0.0.1:4435 (5386)
[2019-07-19 08:05:34 -0500] [5386] [INFO] Using worker: sync
[2019-07-19 08:05:40 -0500] [5470] [INFO] Booting worker with pid: 5470
[2019-07-19 14:07:00 -0500] [5386] [INFO] Handling signal: term
[2019-07-19 14:07:00 -0500] [5470] [INFO] Worker exiting (pid: 5470)
[2019-07-19 14:07:00 -0500] [5386] [INFO] Shutting down: Master
[2019-07-19 14:07:03 -0500] [11478] [INFO] Starting gunicorn 19.9.0
[2019-07-19 14:07:03 -0500] [11478] [INFO] Listening at: http://127.0.0.1:4435 (11478)
[2019-07-19 14:07:03 -0500] [11478] [INFO] Using worker: sync
[2019-07-19 14:07:03 -0500] [11579] [INFO] Booting worker with pid: 11579
[2019-07-19 14:19:19 -0500] [11478] [INFO] Handling signal: term
[2019-07-19 14:19:19 -0500] [11579] [INFO] Worker exiting (pid: 11579)
[2019-07-19 14:19:20 -0500] [11478] [INFO] Shutting down: Master
[2019-07-19 14:19:24 -0500] [11897] [INFO] Starting gunicorn 19.9.0
[2019-07-19 14:19:24 -0500] [11897] [INFO] Listening at: http://127.0.0.1:4435 (11897)
[2019-07-19 14:19:24 -0500] [11897] [INFO] Using worker: sync
[2019-07-19 14:19:24 -0500] [11996] [INFO] Booting worker with pid: 11996
[2019-07-19 14:45:21 -0500] [11897] [INFO] Handling signal: term
[2019-07-19 14:45:21 -0500] [11996] [INFO] Worker exiting (pid: 11996)
[2019-07-19 14:45:21 -0500] [11897] [INFO] Shutting down: Master
[2019-07-19 14:45:24 -0500] [12589] [INFO] Starting gunicorn 19.9.0
[2019-07-19 14:45:24 -0500] [12589] [INFO] Listening at: http://127.0.0.1:4435 (12589)
[2019-07-19 14:45:24 -0500] [12589] [INFO] Using worker: sync
[2019-07-19 14:45:24 -0500] [12681] [INFO] Booting worker with pid: 12681
[2019-07-19 15:17:20 -0500] [12589] [INFO] Handling signal: term
[2019-07-19 15:17:20 -0500] [12681] [INFO] Worker exiting (pid: 12681)
[2019-07-19 15:17:21 -0500] [12589] [INFO] Shutting down: Master
[2019-07-19 15:17:24 -0500] [14288] [INFO] Starting gunicorn 19.9.0
[2019-07-19 15:17:24 -0500] [14288] [INFO] Listening at: http://127.0.0.1:4435 (14288)
[2019-07-19 15:17:24 -0500] [14288] [INFO] Using worker: sync
[2019-07-19 15:17:24 -0500] [14383] [INFO] Booting worker with pid: 14383
[2019-07-19 15:49:07 -0500] [14288] [INFO] Handling signal: term
[2019-07-19 15:49:07 -0500] [14383] [INFO] Worker exiting (pid: 14383)
[2019-07-19 15:49:08 -0500] [14288] [INFO] Shutting down: Master
[2019-07-19 15:49:10 -0500] [15799] [INFO] Starting gunicorn 19.9.0
[2019-07-19 15:49:10 -0500] [15799] [INFO] Listening at: http://127.0.0.1:4435 (15799)
[2019-07-19 15:49:10 -0500] [15799] [INFO] Using worker: sync
[2019-07-19 15:49:10 -0500] [15894] [INFO] Booting worker with pid: 15894
[2019-07-20 00:45:40 -0500] [15799] [CRITICAL] WORKER TIMEOUT (pid:15894)
[2019-07-20 00:45:53 -0500] [24097] [INFO] Booting worker with pid: 24097
[2019-07-20 00:50:41 -0500] [15799] [CRITICAL] WORKER TIMEOUT (pid:24097)
[2019-07-20 00:50:50 -0500] [24162] [INFO] Booting worker with pid: 24162
[2019-07-20 11:26:57 -0500] [2174] [INFO] Starting gunicorn 19.9.0
[2019-07-20 11:26:57 -0500] [2174] [INFO] Listening at: http://127.0.0.1:4435 (2174)
[2019-07-20 11:26:57 -0500] [2174] [INFO] Using worker: sync
[2019-07-20 11:26:58 -0500] [2934] [INFO] Booting worker with pid: 2934
[2019-07-20 11:27:28 -0500] [2174] [CRITICAL] WORKER TIMEOUT (pid:2934)
[2019-07-20 11:27:28 -0500] [2934] [INFO] Worker exiting (pid: 2934)
[2019-07-20 11:27:28 -0500] [3493] [INFO] Booting worker with pid: 3493
[2019-07-20 11:30:51 -0500] [2174] [INFO] Handling signal: term
[2019-07-20 11:30:51 -0500] [3493] [INFO] Worker exiting (pid: 3493)
[2019-07-20 11:30:52 -0500] [2174] [INFO] Shutting down: Master
[2019-07-20 11:30:55 -0500] [4570] [INFO] Starting gunicorn 19.9.0
[2019-07-20 11:30:55 -0500] [4570] [INFO] Listening at: http://127.0.0.1:4435 (4570)
[2019-07-20 11:30:55 -0500] [4570] [INFO] Using worker: sync
[2019-07-20 11:30:55 -0500] [4666] [INFO] Booting worker with pid: 4666
[2019-07-22 00:23:42 -0500] [4570] [CRITICAL] WORKER TIMEOUT (pid:4666)
[2019-07-22 00:23:46 -0500] [10290] [INFO] Booting worker with pid: 10290
[2019-07-22 00:26:56 -0500] [4570] [CRITICAL] WORKER TIMEOUT (pid:10290)
[2019-07-22 00:27:26 -0500] [10390] [INFO] Booting worker with pid: 10390
[2019-07-22 00:30:37 -0500] [4570] [CRITICAL] WORKER TIMEOUT (pid:10390)
[2019-07-22 00:30:58 -0500] [10489] [INFO] Booting worker with pid: 10489
[2019-07-22 00:40:40 -0500] [4570] [CRITICAL] WORKER TIMEOUT (pid:10489)
[2019-07-22 00:40:48 -0500] [10540] [INFO] Booting worker with pid: 10540
[2019-07-22 00:57:46 -0500] [4570] [CRITICAL] WORKER TIMEOUT (pid:10540)
[2019-07-22 00:58:04 -0500] [10691] [INFO] Booting worker with pid: 10691
[2019-07-22 07:45:03 -0500] [2147] [INFO] Starting gunicorn 19.9.0
[2019-07-22 07:45:03 -0500] [2147] [INFO] Listening at: http://127.0.0.1:4435 (2147)
[2019-07-22 07:45:03 -0500] [2147] [INFO] Using worker: sync
[2019-07-22 07:45:03 -0500] [2257] [INFO] Booting worker with pid: 2257
[2019-07-22 07:45:33 -0500] [2147] [CRITICAL] WORKER TIMEOUT (pid:2257)
[2019-07-22 07:45:43 -0500] [2313] [INFO] Booting worker with pid: 2313
[2019-07-22 07:46:13 -0500] [2147] [CRITICAL] WORKER TIMEOUT (pid:2313)
[2019-07-22 07:46:13 -0500] [2313] [INFO] Worker exiting (pid: 2313)
[2019-07-22 07:46:14 -0500] [3051] [INFO] Booting worker with pid: 3051
[2019-07-22 10:06:09 -0500] [2147] [INFO] Handling signal: term
[2019-07-22 10:06:09 -0500] [3051] [INFO] Worker exiting (pid: 3051)
[2019-07-22 10:06:14 -0500] [2147] [INFO] Shutting down: Master
[2019-07-22 10:07:26 -0500] [9343] [INFO] Starting gunicorn 19.9.0
[2019-07-22 10:07:26 -0500] [9343] [INFO] Listening at: http://127.0.0.1:4435 (9343)
[2019-07-22 10:07:26 -0500] [9343] [INFO] Using worker: sync
[2019-07-22 10:07:27 -0500] [9416] [INFO] Booting worker with pid: 9416
[2019-07-22 17:12:34 -0500] [9343] [INFO] Handling signal: term
[2019-07-22 17:12:34 -0500] [9416] [INFO] Worker exiting (pid: 9416)
[2019-07-22 17:12:35 -0500] [9343] [INFO] Shutting down: Master
[2019-07-22 17:12:37 -0500] [28867] [INFO] Starting gunicorn 19.9.0
[2019-07-22 17:12:37 -0500] [28867] [INFO] Listening at: http://127.0.0.1:4435 (28867)
[2019-07-22 17:12:37 -0500] [28867] [INFO] Using worker: sync
[2019-07-22 17:12:37 -0500] [28952] [INFO] Booting worker with pid: 28952
[2019-07-23 00:05:40 -0500] [28867] [CRITICAL] WORKER TIMEOUT (pid:28952)
[2019-07-23 00:06:03 -0500] [32732] [INFO] Booting worker with pid: 32732
[2019-07-23 07:54:32 -0500] [2242] [INFO] Starting gunicorn 19.9.0
[2019-07-23 07:54:32 -0500] [2242] [INFO] Listening at: http://127.0.0.1:4435 (2242)
[2019-07-23 07:54:32 -0500] [2242] [INFO] Using worker: sync
[2019-07-23 07:54:32 -0500] [2535] [INFO] Booting worker with pid: 2535
[2019-07-23 07:55:02 -0500] [2242] [CRITICAL] WORKER TIMEOUT (pid:2535)
[2019-07-23 07:55:05 -0500] [3113] [INFO] Booting worker with pid: 3113
[2019-07-23 07:55:35 -0500] [2242] [CRITICAL] WORKER TIMEOUT (pid:3113)
[2019-07-23 07:55:36 -0500] [3168] [INFO] Booting worker with pid: 3168
[2019-07-23 07:56:06 -0500] [2242] [CRITICAL] WORKER TIMEOUT (pid:3168)
[2019-07-23 07:56:06 -0500] [3168] [INFO] Worker exiting (pid: 3168)
[2019-07-23 07:56:06 -0500] [3736] [INFO] Booting worker with pid: 3736
[2019-07-23 08:50:42 -0500] [2242] [CRITICAL] WORKER TIMEOUT (pid:3736)
[2019-07-23 08:50:47 -0500] [7429] [INFO] Booting worker with pid: 7429
[2019-07-23 10:20:24 -0500] [2242] [INFO] Handling signal: term
[2019-07-23 10:20:24 -0500] [7429] [INFO] Worker exiting (pid: 7429)
[2019-07-23 10:20:26 -0500] [2242] [INFO] Shutting down: Master
[2019-07-23 10:20:43 -0500] [9755] [INFO] Starting gunicorn 19.9.0
[2019-07-23 10:20:43 -0500] [9755] [INFO] Listening at: http://127.0.0.1:4435 (9755)
[2019-07-23 10:20:43 -0500] [9755] [INFO] Using worker: sync
[2019-07-23 10:20:43 -0500] [9854] [INFO] Booting worker with pid: 9854
[2019-07-23 14:34:03 -0500] [9755] [INFO] Handling signal: term
[2019-07-23 14:34:03 -0500] [9854] [INFO] Worker exiting (pid: 9854)
[2019-07-23 14:34:03 -0500] [9755] [INFO] Shutting down: Master
[2019-07-23 14:34:05 -0500] [15889] [INFO] Starting gunicorn 19.9.0
[2019-07-23 14:34:05 -0500] [15889] [INFO] Listening at: http://127.0.0.1:4435 (15889)
[2019-07-23 14:34:05 -0500] [15889] [INFO] Using worker: sync
[2019-07-23 14:34:05 -0500] [15984] [INFO] Booting worker with pid: 15984
[2019-07-24 00:05:41 -0500] [15889] [CRITICAL] WORKER TIMEOUT (pid:15984)
[2019-07-24 00:05:54 -0500] [27603] [INFO] Booting worker with pid: 27603
[2019-07-24 00:10:43 -0500] [15889] [CRITICAL] WORKER TIMEOUT (pid:27603)
[2019-07-24 00:10:45 -0500] [27630] [INFO] Booting worker with pid: 27630
[2019-07-24 00:15:48 -0500] [15889] [CRITICAL] WORKER TIMEOUT (pid:27630)
[2019-07-24 00:15:48 -0500] [27630] [INFO] Worker exiting (pid: 27630)
[2019-07-24 00:15:49 -0500] [27690] [INFO] Booting worker with pid: 27690
[2019-07-24 07:03:51 -0500] [2323] [INFO] Starting gunicorn 19.9.0
[2019-07-24 07:03:51 -0500] [2323] [INFO] Listening at: http://127.0.0.1:4435 (2323)
[2019-07-24 07:03:51 -0500] [2323] [INFO] Using worker: sync
[2019-07-24 07:03:51 -0500] [2620] [INFO] Booting worker with pid: 2620
[2019-07-24 07:04:21 -0500] [2323] [CRITICAL] WORKER TIMEOUT (pid:2620)
[2019-07-24 07:04:21 -0500] [2620] [INFO] Worker exiting (pid: 2620)
[2019-07-24 07:04:22 -0500] [3265] [INFO] Booting worker with pid: 3265
[2019-07-24 07:04:52 -0500] [2323] [CRITICAL] WORKER TIMEOUT (pid:3265)
[2019-07-24 07:04:52 -0500] [3265] [INFO] Worker exiting (pid: 3265)
[2019-07-24 07:04:53 -0500] [3427] [INFO] Booting worker with pid: 3427
[2019-07-24 07:05:23 -0500] [2323] [CRITICAL] WORKER TIMEOUT (pid:3427)
[2019-07-24 07:05:52 -0500] [3522] [INFO] Booting worker with pid: 3522
[2019-07-24 07:06:22 -0500] [2323] [CRITICAL] WORKER TIMEOUT (pid:3522)
[2019-07-24 07:06:37 -0500] [3720] [INFO] Booting worker with pid: 3720
[2019-07-24 07:07:07 -0500] [2323] [CRITICAL] WORKER TIMEOUT (pid:3720)
[2019-07-24 07:07:07 -0500] [3720] [INFO] Worker exiting (pid: 3720)
[2019-07-24 07:07:08 -0500] [3873] [INFO] Booting worker with pid: 3873
[2019-07-24 07:07:38 -0500] [2323] [CRITICAL] WORKER TIMEOUT (pid:3873)
[2019-07-24 07:07:39 -0500] [3951] [INFO] Booting worker with pid: 3951
[2019-07-24 07:08:09 -0500] [2323] [CRITICAL] WORKER TIMEOUT (pid:3951)
[2019-07-24 07:08:09 -0500] [3951] [INFO] Worker exiting (pid: 3951)
[2019-07-24 07:08:21 -0500] [3998] [INFO] Booting worker with pid: 3998
[2019-07-24 07:08:51 -0500] [2323] [CRITICAL] WORKER TIMEOUT (pid:3998)
[2019-07-24 07:08:52 -0500] [4191] [INFO] Booting worker with pid: 4191
[2019-07-24 07:09:23 -0500] [2323] [CRITICAL] WORKER TIMEOUT (pid:4191)
[2019-07-24 07:09:25 -0500] [4302] [INFO] Booting worker with pid: 4302
[2019-07-24 07:09:55 -0500] [2323] [CRITICAL] WORKER TIMEOUT (pid:4302)
[2019-07-24 07:09:58 -0500] [4383] [INFO] Booting worker with pid: 4383
[2019-07-24 07:10:28 -0500] [2323] [CRITICAL] WORKER TIMEOUT (pid:4383)
[2019-07-24 07:10:31 -0500] [4439] [INFO] Booting worker with pid: 4439
[2019-07-24 07:11:01 -0500] [2323] [CRITICAL] WORKER TIMEOUT (pid:4439)
[2019-07-24 07:11:02 -0500] [4527] [INFO] Booting worker with pid: 4527
[2019-07-24 07:11:32 -0500] [2323] [CRITICAL] WORKER TIMEOUT (pid:4527)
[2019-07-24 07:11:33 -0500] [4594] [INFO] Booting worker with pid: 4594
[2019-07-24 07:12:03 -0500] [2323] [CRITICAL] WORKER TIMEOUT (pid:4594)
[2019-07-24 07:12:08 -0500] [4660] [INFO] Booting worker with pid: 4660
[2019-07-24 07:12:38 -0500] [2323] [CRITICAL] WORKER TIMEOUT (pid:4660)
[2019-07-24 07:12:38 -0500] [4660] [INFO] Worker exiting (pid: 4660)
[2019-07-24 07:12:39 -0500] [4807] [INFO] Booting worker with pid: 4807
[2019-07-24 07:13:09 -0500] [2323] [CRITICAL] WORKER TIMEOUT (pid:4807)
[2019-07-24 07:13:09 -0500] [4807] [INFO] Worker exiting (pid: 4807)
[2019-07-24 07:13:10 -0500] [4950] [INFO] Booting worker with pid: 4950
[2019-07-24 07:13:40 -0500] [2323] [CRITICAL] WORKER TIMEOUT (pid:4950)
[2019-07-24 07:13:40 -0500] [4950] [INFO] Worker exiting (pid: 4950)
[2019-07-24 07:13:45 -0500] [5083] [INFO] Booting worker with pid: 5083
[2019-07-24 07:14:15 -0500] [2323] [CRITICAL] WORKER TIMEOUT (pid:5083)
[2019-07-24 07:14:19 -0500] [5237] [INFO] Booting worker with pid: 5237
[2019-07-24 07:14:49 -0500] [2323] [CRITICAL] WORKER TIMEOUT (pid:5237)
[2019-07-24 07:14:50 -0500] [5379] [INFO] Booting worker with pid: 5379
[2019-07-24 07:15:20 -0500] [2323] [CRITICAL] WORKER TIMEOUT (pid:5379)
[2019-07-24 07:16:14 -0500] [5451] [INFO] Booting worker with pid: 5451
[2019-07-24 07:16:44 -0500] [2323] [CRITICAL] WORKER TIMEOUT (pid:5451)
[2019-07-24 07:16:46 -0500] [5720] [INFO] Booting worker with pid: 5720
[2019-07-24 07:57:13 -0500] [2195] [INFO] Starting gunicorn 19.9.0
[2019-07-24 07:57:13 -0500] [2195] [INFO] Listening at: http://127.0.0.1:4435 (2195)
[2019-07-24 07:57:13 -0500] [2195] [INFO] Using worker: sync
[2019-07-24 07:57:13 -0500] [2297] [INFO] Booting worker with pid: 2297
[2019-07-24 07:57:43 -0500] [2195] [CRITICAL] WORKER TIMEOUT (pid:2297)
[2019-07-24 07:57:46 -0500] [2443] [INFO] Booting worker with pid: 2443
[2019-07-24 07:58:16 -0500] [2195] [CRITICAL] WORKER TIMEOUT (pid:2443)
[2019-07-24 07:58:17 -0500] [2443] [INFO] Worker exiting (pid: 2443)
[2019-07-24 07:58:23 -0500] [2586] [INFO] Booting worker with pid: 2586
[2019-07-24 07:58:53 -0500] [2195] [CRITICAL] WORKER TIMEOUT (pid:2586)
[2019-07-24 07:58:56 -0500] [3114] [INFO] Booting worker with pid: 3114
[2019-07-24 07:59:26 -0500] [2195] [CRITICAL] WORKER TIMEOUT (pid:3114)
[2019-07-24 07:59:33 -0500] [3320] [INFO] Booting worker with pid: 3320
[2019-07-24 08:00:03 -0500] [2195] [CRITICAL] WORKER TIMEOUT (pid:3320)
[2019-07-24 08:00:04 -0500] [3406] [INFO] Booting worker with pid: 3406
[2019-07-24 08:00:34 -0500] [2195] [CRITICAL] WORKER TIMEOUT (pid:3406)
[2019-07-24 08:00:48 -0500] [3499] [INFO] Booting worker with pid: 3499
[2019-07-24 08:01:18 -0500] [2195] [CRITICAL] WORKER TIMEOUT (pid:3499)
[2019-07-24 08:01:18 -0500] [3499] [INFO] Worker exiting (pid: 3499)
[2019-07-24 08:01:19 -0500] [3589] [INFO] Booting worker with pid: 3589
[2019-07-24 08:25:42 -0500] [2195] [CRITICAL] WORKER TIMEOUT (pid:3589)
[2019-07-24 08:25:45 -0500] [4567] [INFO] Booting worker with pid: 4567
[2019-07-24 08:47:29 -0500] [2804] [INFO] Starting gunicorn 19.9.0
[2019-07-24 08:47:29 -0500] [2804] [INFO] Listening at: http://127.0.0.1:4435 (2804)
[2019-07-24 08:47:29 -0500] [2804] [INFO] Using worker: sync
[2019-07-24 08:47:29 -0500] [2971] [INFO] Booting worker with pid: 2971
[2019-07-24 08:47:59 -0500] [2804] [CRITICAL] WORKER TIMEOUT (pid:2971)
[2019-07-24 08:48:00 -0500] [2971] [INFO] Worker exiting (pid: 2971)
[2019-07-24 08:48:00 -0500] [3045] [INFO] Booting worker with pid: 3045
[2019-07-24 08:48:30 -0500] [2804] [CRITICAL] WORKER TIMEOUT (pid:3045)
[2019-07-24 08:48:31 -0500] [3045] [INFO] Worker exiting (pid: 3045)
[2019-07-24 08:48:33 -0500] [3318] [INFO] Booting worker with pid: 3318
[2019-07-24 08:49:04 -0500] [2804] [CRITICAL] WORKER TIMEOUT (pid:3318)
[2019-07-24 08:49:05 -0500] [3513] [INFO] Booting worker with pid: 3513
[2019-07-24 08:49:35 -0500] [2804] [CRITICAL] WORKER TIMEOUT (pid:3513)
[2019-07-24 08:49:35 -0500] [3513] [INFO] Worker exiting (pid: 3513)
[2019-07-24 08:49:36 -0500] [3630] [INFO] Booting worker with pid: 3630
[2019-07-24 08:50:06 -0500] [2804] [CRITICAL] WORKER TIMEOUT (pid:3630)
[2019-07-24 08:50:09 -0500] [3724] [INFO] Booting worker with pid: 3724
[2019-07-24 08:50:39 -0500] [2804] [CRITICAL] WORKER TIMEOUT (pid:3724)
[2019-07-24 08:50:46 -0500] [3811] [INFO] Booting worker with pid: 3811
[2019-07-24 08:51:16 -0500] [2804] [CRITICAL] WORKER TIMEOUT (pid:3811)
[2019-07-24 08:51:17 -0500] [3893] [INFO] Booting worker with pid: 3893
[2019-07-24 08:51:47 -0500] [2804] [CRITICAL] WORKER TIMEOUT (pid:3893)
[2019-07-24 08:51:54 -0500] [4043] [INFO] Booting worker with pid: 4043
[2019-07-24 08:52:24 -0500] [2804] [CRITICAL] WORKER TIMEOUT (pid:4043)
[2019-07-24 08:52:24 -0500] [4043] [INFO] Worker exiting (pid: 4043)
[2019-07-24 08:52:24 -0500] [4187] [INFO] Booting worker with pid: 4187
[2019-07-24 08:56:23 -0500] [2804] [INFO] Handling signal: term
[2019-07-24 08:56:23 -0500] [4187] [INFO] Worker exiting (pid: 4187)
[2019-07-24 08:56:24 -0500] [2804] [INFO] Shutting down: Master
[2019-07-24 08:56:43 -0500] [5054] [INFO] Starting gunicorn 19.9.0
[2019-07-24 08:56:43 -0500] [5054] [INFO] Listening at: http://127.0.0.1:4435 (5054)
[2019-07-24 08:56:43 -0500] [5054] [INFO] Using worker: sync
[2019-07-24 08:56:43 -0500] [5132] [INFO] Booting worker with pid: 5132
[2019-07-24 10:00:39 -0500] [5054] [CRITICAL] WORKER TIMEOUT (pid:5132)
[2019-07-24 10:00:48 -0500] [10639] [INFO] Booting worker with pid: 10639
[2019-07-24 10:15:40 -0500] [5054] [CRITICAL] WORKER TIMEOUT (pid:10639)
[2019-07-24 10:15:46 -0500] [11817] [INFO] Booting worker with pid: 11817
[2019-07-24 12:41:20 -0500] [2709] [INFO] Starting gunicorn 19.9.0
[2019-07-24 12:41:20 -0500] [2709] [INFO] Listening at: http://127.0.0.1:4435 (2709)
[2019-07-24 12:41:20 -0500] [2709] [INFO] Using worker: sync
[2019-07-24 12:41:20 -0500] [2904] [INFO] Booting worker with pid: 2904
[2019-07-24 12:41:50 -0500] [2709] [CRITICAL] WORKER TIMEOUT (pid:2904)
[2019-07-24 12:41:50 -0500] [2904] [INFO] Worker exiting (pid: 2904)
[2019-07-24 12:41:52 -0500] [3081] [INFO] Booting worker with pid: 3081
[2019-07-24 12:42:22 -0500] [2709] [CRITICAL] WORKER TIMEOUT (pid:3081)
[2019-07-24 12:42:22 -0500] [3081] [INFO] Worker exiting (pid: 3081)
[2019-07-24 12:42:22 -0500] [3662] [INFO] Booting worker with pid: 3662
[2019-07-24 12:42:52 -0500] [2709] [CRITICAL] WORKER TIMEOUT (pid:3662)
[2019-07-24 12:42:53 -0500] [3746] [INFO] Booting worker with pid: 3746
[2019-07-25 03:05:49 -0500] [2709] [CRITICAL] WORKER TIMEOUT (pid:3746)
[2019-07-25 03:05:49 -0500] [3746] [INFO] Worker exiting (pid: 3746)
[2019-07-25 03:05:49 -0500] [11639] [INFO] Booting worker with pid: 11639
[2019-07-25 14:48:55 -0500] [2709] [INFO] Handling signal: term
[2019-07-25 14:48:55 -0500] [11639] [INFO] Worker exiting (pid: 11639)
[2019-07-25 14:48:55 -0500] [2709] [INFO] Shutting down: Master
[2019-07-25 14:48:57 -0500] [28893] [INFO] Starting gunicorn 19.9.0
[2019-07-25 14:48:57 -0500] [28893] [INFO] Listening at: http://127.0.0.1:4435 (28893)
[2019-07-25 14:48:57 -0500] [28893] [INFO] Using worker: sync
[2019-07-25 14:48:57 -0500] [28947] [INFO] Booting worker with pid: 28947
[2019-07-25 14:50:48 -0500] [28893] [INFO] Handling signal: term
[2019-07-25 14:50:48 -0500] [28947] [INFO] Worker exiting (pid: 28947)
[2019-07-25 14:50:49 -0500] [28893] [INFO] Shutting down: Master
[2019-07-25 14:50:51 -0500] [29266] [INFO] Starting gunicorn 19.9.0
[2019-07-25 14:50:51 -0500] [29266] [INFO] Listening at: http://127.0.0.1:4435 (29266)
[2019-07-25 14:50:51 -0500] [29266] [INFO] Using worker: sync
[2019-07-25 14:50:51 -0500] [29339] [INFO] Booting worker with pid: 29339
[2019-07-25 14:52:02 -0500] [29266] [INFO] Handling signal: term
[2019-07-25 14:52:02 -0500] [29339] [INFO] Worker exiting (pid: 29339)
[2019-07-25 14:52:02 -0500] [29266] [INFO] Shutting down: Master
[2019-07-25 14:52:05 -0500] [29594] [INFO] Starting gunicorn 19.9.0
[2019-07-25 14:52:05 -0500] [29594] [INFO] Listening at: http://127.0.0.1:4435 (29594)
[2019-07-25 14:52:05 -0500] [29594] [INFO] Using worker: sync
[2019-07-25 14:52:05 -0500] [29655] [INFO] Booting worker with pid: 29655
[2019-07-25 15:06:34 -0500] [29594] [INFO] Handling signal: term
[2019-07-25 15:06:34 -0500] [29655] [INFO] Worker exiting (pid: 29655)
[2019-07-25 15:06:35 -0500] [29594] [INFO] Shutting down: Master
[2019-07-25 15:06:37 -0500] [32395] [INFO] Starting gunicorn 19.9.0
[2019-07-25 15:06:37 -0500] [32395] [INFO] Listening at: http://127.0.0.1:4435 (32395)
[2019-07-25 15:06:37 -0500] [32395] [INFO] Using worker: sync
[2019-07-25 15:06:37 -0500] [32472] [INFO] Booting worker with pid: 32472
[2019-07-25 16:30:43 -0500] [32395] [INFO] Handling signal: term
[2019-07-25 16:30:43 -0500] [32472] [INFO] Worker exiting (pid: 32472)
[2019-07-25 16:30:44 -0500] [32395] [INFO] Shutting down: Master
[2019-07-25 16:30:48 -0500] [3891] [INFO] Starting gunicorn 19.9.0
[2019-07-25 16:30:48 -0500] [3891] [INFO] Listening at: http://127.0.0.1:4435 (3891)
[2019-07-25 16:30:48 -0500] [3891] [INFO] Using worker: sync
[2019-07-25 16:30:48 -0500] [3949] [INFO] Booting worker with pid: 3949
[2019-07-25 16:33:14 -0500] [3891] [INFO] Handling signal: term
[2019-07-25 16:33:14 -0500] [3949] [INFO] Worker exiting (pid: 3949)
[2019-07-25 16:33:14 -0500] [3891] [INFO] Shutting down: Master
[2019-07-25 16:33:17 -0500] [4171] [INFO] Starting gunicorn 19.9.0
[2019-07-25 16:33:17 -0500] [4171] [INFO] Listening at: http://127.0.0.1:4435 (4171)
[2019-07-25 16:33:17 -0500] [4171] [INFO] Using worker: sync
[2019-07-25 16:33:17 -0500] [4232] [INFO] Booting worker with pid: 4232
[2019-07-25 16:36:26 -0500] [4171] [INFO] Handling signal: term
[2019-07-25 16:36:26 -0500] [4232] [INFO] Worker exiting (pid: 4232)
[2019-07-25 16:36:26 -0500] [4171] [INFO] Shutting down: Master
[2019-07-25 16:36:29 -0500] [4482] [INFO] Starting gunicorn 19.9.0
[2019-07-25 16:36:29 -0500] [4482] [INFO] Listening at: http://127.0.0.1:4435 (4482)
[2019-07-25 16:36:29 -0500] [4482] [INFO] Using worker: sync
[2019-07-25 16:36:29 -0500] [4570] [INFO] Booting worker with pid: 4570
[2019-07-25 16:37:40 -0500] [4482] [INFO] Handling signal: term
[2019-07-25 16:37:40 -0500] [4570] [INFO] Worker exiting (pid: 4570)
[2019-07-25 16:37:41 -0500] [4482] [INFO] Shutting down: Master
[2019-07-25 16:37:43 -0500] [4678] [INFO] Starting gunicorn 19.9.0
[2019-07-25 16:37:43 -0500] [4678] [INFO] Listening at: http://127.0.0.1:4435 (4678)
[2019-07-25 16:37:43 -0500] [4678] [INFO] Using worker: sync
[2019-07-25 16:37:43 -0500] [4757] [INFO] Booting worker with pid: 4757
[2019-07-25 16:42:11 -0500] [4678] [INFO] Handling signal: term
[2019-07-25 16:42:11 -0500] [4757] [INFO] Worker exiting (pid: 4757)
[2019-07-25 16:42:12 -0500] [4678] [INFO] Shutting down: Master
[2019-07-25 16:42:16 -0500] [4988] [INFO] Starting gunicorn 19.9.0
[2019-07-25 16:42:16 -0500] [4988] [INFO] Listening at: http://127.0.0.1:4435 (4988)
[2019-07-25 16:42:16 -0500] [4988] [INFO] Using worker: sync
[2019-07-25 16:42:16 -0500] [5045] [INFO] Booting worker with pid: 5045
[2019-07-25 16:43:42 -0500] [4988] [INFO] Handling signal: term
[2019-07-25 16:43:42 -0500] [5045] [INFO] Worker exiting (pid: 5045)
[2019-07-25 16:43:43 -0500] [4988] [INFO] Shutting down: Master
[2019-07-25 16:43:45 -0500] [5179] [INFO] Starting gunicorn 19.9.0
[2019-07-25 16:43:45 -0500] [5179] [INFO] Listening at: http://127.0.0.1:4435 (5179)
[2019-07-25 16:43:45 -0500] [5179] [INFO] Using worker: sync
[2019-07-25 16:43:45 -0500] [5250] [INFO] Booting worker with pid: 5250
[2019-07-25 16:46:05 -0500] [5179] [INFO] Handling signal: term
[2019-07-25 16:46:05 -0500] [5250] [INFO] Worker exiting (pid: 5250)
[2019-07-25 16:46:05 -0500] [5179] [INFO] Shutting down: Master
[2019-07-25 16:46:08 -0500] [5366] [INFO] Starting gunicorn 19.9.0
[2019-07-25 16:46:08 -0500] [5366] [INFO] Listening at: http://127.0.0.1:4435 (5366)
[2019-07-25 16:46:08 -0500] [5366] [INFO] Using worker: sync
[2019-07-25 16:46:08 -0500] [5437] [INFO] Booting worker with pid: 5437
[2019-07-26 11:56:27 -0500] [2568] [INFO] Starting gunicorn 19.9.0
[2019-07-26 11:56:27 -0500] [2568] [INFO] Listening at: http://127.0.0.1:4435 (2568)
[2019-07-26 11:56:27 -0500] [2568] [INFO] Using worker: sync
[2019-07-26 11:56:27 -0500] [3023] [INFO] Booting worker with pid: 3023
[2019-07-26 11:56:57 -0500] [2568] [CRITICAL] WORKER TIMEOUT (pid:3023)
[2019-07-26 11:56:58 -0500] [3062] [INFO] Booting worker with pid: 3062
[2019-07-26 11:57:29 -0500] [2568] [CRITICAL] WORKER TIMEOUT (pid:3062)
[2019-07-26 11:57:29 -0500] [3062] [INFO] Worker exiting (pid: 3062)
[2019-07-26 11:57:29 -0500] [3109] [INFO] Booting worker with pid: 3109
[2019-07-26 11:57:59 -0500] [2568] [CRITICAL] WORKER TIMEOUT (pid:3109)
[2019-07-26 11:57:59 -0500] [3109] [INFO] Worker exiting (pid: 3109)
[2019-07-26 11:58:09 -0500] [3190] [INFO] Booting worker with pid: 3190
[2019-07-26 11:58:40 -0500] [2568] [CRITICAL] WORKER TIMEOUT (pid:3190)
[2019-07-26 11:58:42 -0500] [3292] [INFO] Booting worker with pid: 3292
[2019-07-26 11:59:12 -0500] [2568] [CRITICAL] WORKER TIMEOUT (pid:3292)
[2019-07-26 11:59:14 -0500] [3789] [INFO] Booting worker with pid: 3789
[2019-07-26 11:59:44 -0500] [2568] [CRITICAL] WORKER TIMEOUT (pid:3789)
[2019-07-26 11:59:46 -0500] [3894] [INFO] Booting worker with pid: 3894
[2019-07-26 12:00:16 -0500] [2568] [CRITICAL] WORKER TIMEOUT (pid:3894)
[2019-07-26 12:00:17 -0500] [3951] [INFO] Booting worker with pid: 3951
[2019-07-26 12:00:47 -0500] [2568] [CRITICAL] WORKER TIMEOUT (pid:3951)
[2019-07-26 12:00:48 -0500] [4000] [INFO] Booting worker with pid: 4000
